Using @applitools/eyes-storybook version 2.7.8.

2019-09-11T19:12:16Z Eyes: [LOG    ] {} Function.getConfig(): Loading configuration from /Users/mattjasaitis/Desktop/Applitools/Tutorials/Storybook/tutorial-storybook-react/applitools.config.js
2019-09-11T19:12:16Z Eyes: [LOG    ] {} (): /Users/mattjasaitis/Desktop/Applitools/Tutorials/Storybook/tutorial-storybook-react/node_modules/.bin/start-storybook -p 9000 -h localhost -c .storybook --ci
2019-09-11T19:12:21Z Eyes: [LOG    ] {} (): Running with the following config:
concurrency           : 10
storybookPort         : 9000
storybookHost         : localhost
storybookConfigDir    : .storybook
storybookUrl          : http://localhost:9000
storybookStaticDir    : undefined
showStorybookOutput   : false
waitBeforeScreenshots : 50
tapFilePath           : undefined
exitcode              : true
apiKey                : hBTHfvFTfbIDIQ2u1CWaPGyY2rsdftQyHSwRMCy88Zc110
showLogs              : true
appName               : tutorial-storybook-react
batchName             : tutorial-storybook-react
agentId               : eyes-storybook/2.7.8

2019-09-11T19:12:21Z Eyes: [LOG    ] {} (): eyesStorybook started
2019-09-11T19:12:21Z Eyes: [LOG    ] {} (): browser launched
2019-09-11T19:12:22Z Eyes: [LOG    ] {} (): 3 pages open
2019-09-11T19:12:22Z Eyes: [LOG    ] {} (): got script for processPage
2019-09-11T19:12:22Z Eyes: [LOG    ] {} (): finished creating functions
2019-09-11T19:12:22Z Eyes: [LOG    ] {} (): navigating to storybook url: http://localhost:9000
2019-09-11T19:12:22Z Eyes: [LOG    ] {} Page.<init>(): JSHandle:%cDownload the React DevTools for a better development experience: https://fb.me/react-devtools JSHandle:font-weight:bold
2019-09-11T19:12:22Z Eyes: [LOG    ] {} (): Getting stories from storybook
2019-09-11T19:12:22Z Eyes: [LOG    ] {} Page.<init>(): JSHandle:[HMR] connected
2019-09-11T19:12:32Z Eyes: [LOG    ] {} Page.<init>(): JSHandle:getting stories from storybook through scraping. V3
2019-09-11T19:12:32Z Eyes: [LOG    ] {} Page.<init>(): JSHandle:got 3 menu items
2019-09-11T19:12:32Z Eyes: [LOG    ] {} Page.<init>(): JSHandle:got 2 closed menu items:
Button
App
2019-09-11T19:12:32Z Eyes: [LOG    ] {} Page.<init>(): JSHandle:opening 2 closed menu items
2019-09-11T19:12:32Z Eyes: [LOG    ] {} Page.<init>(): JSHandle:after opening menus, got 3 menu items
2019-09-11T19:12:32Z Eyes: [LOG    ] {} Page.<init>(): JSHandle:after opening menus, got 0 closed menu items:

2019-09-11T19:12:32Z Eyes: [LOG    ] {} Page.<init>(): JSHandle:returning 4 stories.
2019-09-11T19:12:32Z Eyes: [LOG    ] {} Page.<init>(): JSHandle:1) story kind=Welcome, name=to Storybook
2019-09-11T19:12:32Z Eyes: [LOG    ] {} Page.<init>(): JSHandle:2) story kind=Button, name=with text
2019-09-11T19:12:32Z Eyes: [LOG    ] {} Page.<init>(): JSHandle:3) story kind=Button, name=with some emoji
2019-09-11T19:12:32Z Eyes: [LOG    ] {} Page.<init>(): JSHandle:4) story kind=App, name=default
2019-09-11T19:12:32Z Eyes: [LOG    ] {} (): got 4 stories: [{"kind":"Welcome","name":"to Storybook"},{"kind":"Button","name":"with text"},{"kind":"Button","name":"with some emoji"},{"kind":"App","name":"default"}]
2019-09-11T19:12:32Z Eyes: [LOG    ] {} (): starting to run 4 stories
2019-09-11T19:12:32Z Eyes: [LOG    ] {} (): getting data from story http://localhost:9000/iframe.html?selectedKind=Welcome&selectedStory=to%20Storybook&eyes-storybook=true
2019-09-11T19:12:32Z Eyes: [LOG    ] {} (): getting data from story http://localhost:9000/iframe.html?selectedKind=Button&selectedStory=with%20some%20emoji&eyes-storybook=true
2019-09-11T19:12:32Z Eyes: [LOG    ] {} (): getting data from story http://localhost:9000/iframe.html?selectedKind=App&selectedStory=default&eyes-storybook=true
2019-09-11T19:12:32Z Eyes: [LOG    ] {} Page.<init>(): JSHandle:%cDownload the React DevTools for a better development experience: https://fb.me/react-devtools JSHandle:font-weight:bold
2019-09-11T19:12:33Z Eyes: [LOG    ] {} Page.<init>(): JSHandle:[HMR] connected
2019-09-11T19:12:33Z Eyes: [LOG    ] {} (): done getting data from story http://localhost:9000/iframe.html?selectedKind=Welcome&selectedStory=to%20Storybook&eyes-storybook=true
2019-09-11T19:12:33Z Eyes: [LOG    ] {} (): getting data from story http://localhost:9000/iframe.html?selectedKind=Button&selectedStory=with%20text&eyes-storybook=true
2019-09-11T19:12:33Z Eyes: [LOG    ] {} (): running story Welcome: to Storybook
2019-09-11T19:12:33Z Eyes: [LOG    ] {} (): openEyes: testName=Welcome: to Storybook, browser= {"width":1024,"height":768}
2019-09-11T19:12:33Z Eyes: [LOG    ] {} EyesWrapper.setDeviceInfo(): Device Info: Desktop
2019-09-11T19:12:33Z Eyes: [VERBOSE] {} EyesWrapper.setBatch(): setBatch(BatchInfo { {"id":"d0d5fd22-eb4f-4eb1-a882-d3da94283fcb","name":"tutorial-storybook-react","startedAt":"2019-09-11T19:12:33.068Z"} })
2019-09-11T19:12:33Z Eyes: [VERBOSE] {} ServerConnector.renderInfo(): ServerConnector.renderInfo called.
2019-09-11T19:12:33Z Eyes: [VERBOSE] {} (): ServerConnector.renderInfo will now post call to https://eyesapi.applitools.com/api/sessions/renderinfo with params {"apiKey":"hBTHfvFTfbIDIQ2u1CWaPGyY2rsdftQyHSwRMCy88Zc110"}
2019-09-11T19:12:33Z Eyes: [LOG    ] {} Page.<init>(): JSHandle:%cDownload the React DevTools for a better development experience: https://fb.me/react-devtools JSHandle:font-weight:bold
2019-09-11T19:12:33Z Eyes: [LOG    ] {} Page.<init>(): JSHandle:[HMR] connected
2019-09-11T19:12:33Z Eyes: [LOG    ] {} (): done getting data from story http://localhost:9000/iframe.html?selectedKind=Button&selectedStory=with%20some%20emoji&eyes-storybook=true
2019-09-11T19:12:33Z Eyes: [LOG    ] {} (): running story Button: with some emoji
2019-09-11T19:12:33Z Eyes: [LOG    ] {} (): openEyes: testName=Button: with some emoji, browser= {"width":1024,"height":768}
2019-09-11T19:12:33Z Eyes: [LOG    ] {} EyesWrapper.setDeviceInfo(): Device Info: Desktop
2019-09-11T19:12:33Z Eyes: [VERBOSE] {} EyesWrapper.setBatch(): setBatch(BatchInfo { {"id":"d0d5fd22-eb4f-4eb1-a882-d3da94283fcb","name":"tutorial-storybook-react","startedAt":"2019-09-11T19:12:33.149Z"} })
2019-09-11T19:12:33Z Eyes: [LOG    ] {} (): done getting data from story http://localhost:9000/iframe.html?selectedKind=App&selectedStory=default&eyes-storybook=true
2019-09-11T19:12:33Z Eyes: [LOG    ] {} (): running story App: default
2019-09-11T19:12:33Z Eyes: [LOG    ] {} (): openEyes: testName=App: default, browser= {"width":1024,"height":768}
2019-09-11T19:12:33Z Eyes: [LOG    ] {} EyesWrapper.setDeviceInfo(): Device Info: Desktop
2019-09-11T19:12:33Z Eyes: [VERBOSE] {} EyesWrapper.setBatch(): setBatch(BatchInfo { {"id":"d0d5fd22-eb4f-4eb1-a882-d3da94283fcb","name":"tutorial-storybook-react","startedAt":"2019-09-11T19:12:33.154Z"} })
2019-09-11T19:12:33Z Eyes: [LOG    ] {} (): done getting data from story http://localhost:9000/iframe.html?selectedKind=Button&selectedStory=with%20text&eyes-storybook=true
2019-09-11T19:12:33Z Eyes: [LOG    ] {} (): running story Button: with text
2019-09-11T19:12:33Z Eyes: [LOG    ] {} (): openEyes: testName=Button: with text, browser= {"width":1024,"height":768}
2019-09-11T19:12:33Z Eyes: [LOG    ] {} EyesWrapper.setDeviceInfo(): Device Info: Desktop
2019-09-11T19:12:33Z Eyes: [VERBOSE] {} EyesWrapper.setBatch(): setBatch(BatchInfo { {"id":"d0d5fd22-eb4f-4eb1-a882-d3da94283fcb","name":"tutorial-storybook-react","startedAt":"2019-09-11T19:12:33.171Z"} })
2019-09-11T19:12:33Z Eyes: [VERBOSE] {} (): ServerConnector.renderInfo - result OK, status code 200, url https://eyesapi.applitools.com/api/sessions/renderinfo
2019-09-11T19:12:33Z Eyes: [VERBOSE] {} ServerConnector.renderInfo(): ServerConnector.renderInfo - post succeeded RenderingInfo { {"serviceUrl":"https://render-wus.applitools.com","accessToken":"eyJhbGciOiJSUzI1NiIsInR5cCI6IkpXVCJ9.eyJzdWIiOiJRaEVGaWd4REJFeTk4SkdHdUd5akR3fn4iLCJpYXQiOjE1NjgyMjkxNTMsImV4cCI6MTU2ODI1MDc1MywiaXNzIjoiZXllc2FwaS5hcHBsaXRvb2xzLmNvbSJ9.c5_nt4k9tf1h7hIupCR6BtOUbwMhj1RgeFgjVBa0BaFHV8-J6QHbeqcC9X9KaXZ7iWeDL6SU1O3AoZ_dkGeJyx1GtnMgkTEkLYhPTMg_UdEOwAoZ6ITOEIgAMQTHcO18veqHBZDuWzd2wSqvZ_rSNdHy7qwrJFx3OCM1Y89UVxM","resultsUrl":"https://eyesapi.applitools.com/api/sessions/running/data?accessKey=hBTHfvFTfbIDIQ2u1CWaPGyY2rsdftQyHSwRMCy88Zc110"} }
2019-09-11T19:12:33Z Eyes: [VERBOSE] {} EyesWrapper.openBase(): Agent = eyes-storybook/2.7.8
2019-09-11T19:12:33Z Eyes: [VERBOSE] {} EyesWrapper.openBase(): openBase('tutorial-storybook-react', 'Welcome: to Storybook', 'undefined')
2019-09-11T19:12:33Z Eyes: [VERBOSE] {} EyesWrapper.openBase(): Agent = eyes-storybook/2.7.8
2019-09-11T19:12:33Z Eyes: [VERBOSE] {} EyesWrapper.openBase(): openBase('tutorial-storybook-react', 'Button: with some emoji', 'undefined')
2019-09-11T19:12:33Z Eyes: [VERBOSE] {} EyesWrapper.openBase(): Agent = eyes-storybook/2.7.8
2019-09-11T19:12:33Z Eyes: [VERBOSE] {} EyesWrapper.openBase(): openBase('tutorial-storybook-react', 'App: default', 'undefined')
2019-09-11T19:12:33Z Eyes: [VERBOSE] {} EyesWrapper.openBase(): Agent = eyes-storybook/2.7.8
2019-09-11T19:12:33Z Eyes: [VERBOSE] {} EyesWrapper.openBase(): openBase('tutorial-storybook-react', 'Button: with text', 'undefined')
2019-09-11T19:12:33Z Eyes: [LOG    ] {} (): running checkWindow for test Welcome: to Storybook step #1
2019-09-11T19:12:33Z Eyes: [LOG    ] {} (): running checkWindow for test Button: with some emoji step #1
2019-09-11T19:12:33Z Eyes: [LOG    ] {} (): running checkWindow for test App: default step #1
2019-09-11T19:12:33Z Eyes: [LOG    ] {} (): running checkWindow for test Button: with text step #1
2019-09-11T19:12:33Z Eyes: [VERBOSE] {} EyesWrapper._logOpenBase(): Eyes server URL is 'https://eyesapi.applitools.com'
2019-09-11T19:12:33Z Eyes: [VERBOSE] {} EyesWrapper._logOpenBase(): Timeout = 'undefined'
2019-09-11T19:12:33Z Eyes: [VERBOSE] {} EyesWrapper._logOpenBase(): matchTimeout = '2000'
2019-09-11T19:12:33Z Eyes: [VERBOSE] {} EyesWrapper._logOpenBase(): Default match settings = 'ImageMatchSettings { {"matchLevel":"Strict","ignoreCaret":true,"useDom":false,"enablePatterns":false,"ignoreDisplacements":false,"ignore":[],"layout":[],"strict":[],"content":[],"floating":[]} }'
2019-09-11T19:12:33Z Eyes: [VERBOSE] {} EyesWrapper._logOpenBase(): FailureReports = 'OnClose'
2019-09-11T19:12:33Z Eyes: [VERBOSE] {} EyesWrapper._logOpenBase(): Eyes server URL is 'https://eyesapi.applitools.com'
2019-09-11T19:12:33Z Eyes: [VERBOSE] {} EyesWrapper._logOpenBase(): Timeout = 'undefined'
2019-09-11T19:12:33Z Eyes: [VERBOSE] {} EyesWrapper._logOpenBase(): matchTimeout = '2000'
2019-09-11T19:12:33Z Eyes: [VERBOSE] {} EyesWrapper._logOpenBase(): Default match settings = 'ImageMatchSettings { {"matchLevel":"Strict","ignoreCaret":true,"useDom":false,"enablePatterns":false,"ignoreDisplacements":false,"ignore":[],"layout":[],"strict":[],"content":[],"floating":[]} }'
2019-09-11T19:12:33Z Eyes: [VERBOSE] {} EyesWrapper._logOpenBase(): FailureReports = 'OnClose'
2019-09-11T19:12:33Z Eyes: [VERBOSE] {} EyesWrapper._logOpenBase(): Eyes server URL is 'https://eyesapi.applitools.com'
2019-09-11T19:12:33Z Eyes: [VERBOSE] {} EyesWrapper._logOpenBase(): Timeout = 'undefined'
2019-09-11T19:12:33Z Eyes: [VERBOSE] {} EyesWrapper._logOpenBase(): matchTimeout = '2000'
2019-09-11T19:12:33Z Eyes: [VERBOSE] {} EyesWrapper._logOpenBase(): Default match settings = 'ImageMatchSettings { {"matchLevel":"Strict","ignoreCaret":true,"useDom":false,"enablePatterns":false,"ignoreDisplacements":false,"ignore":[],"layout":[],"strict":[],"content":[],"floating":[]} }'
2019-09-11T19:12:33Z Eyes: [VERBOSE] {} EyesWrapper._logOpenBase(): FailureReports = 'OnClose'
2019-09-11T19:12:33Z Eyes: [VERBOSE] {} EyesWrapper._logOpenBase(): Eyes server URL is 'https://eyesapi.applitools.com'
2019-09-11T19:12:33Z Eyes: [VERBOSE] {} EyesWrapper._logOpenBase(): Timeout = 'undefined'
2019-09-11T19:12:33Z Eyes: [VERBOSE] {} EyesWrapper._logOpenBase(): matchTimeout = '2000'
2019-09-11T19:12:33Z Eyes: [VERBOSE] {} EyesWrapper._logOpenBase(): Default match settings = 'ImageMatchSettings { {"matchLevel":"Strict","ignoreCaret":true,"useDom":false,"enablePatterns":false,"ignoreDisplacements":false,"ignore":[],"layout":[],"strict":[],"content":[],"floating":[]} }'
2019-09-11T19:12:33Z Eyes: [VERBOSE] {} EyesWrapper._logOpenBase(): FailureReports = 'OnClose'
2019-09-11T19:12:33Z Eyes: [VERBOSE] {} ServerConnector.render(): ServerConnector.render called with RenderRequest { {"webhook":"https://eyesapi.applitools.com/api/sessions/running/data?accessKey=hBTHfvFTfbIDIQ2u1CWaPGyY2rsdftQyHSwRMCy88Zc110","url":"http://localhost:9000/iframe.html?selectedKind=Welcome&selectedStory=to%20Storybook&eyes-storybook=true","dom":{"hashFormat":"sha256","hash":"b77b58cdff7a6641a3f3f83150c626363131d61d5fea346672596a688e8de164"},"resources":{},"agentId":"eyes-storybook/2.7.8","renderInfo":{"width":1024,"height":768,"sizeMode":"full-page"},"sendDom":true} }
2019-09-11T19:12:33Z Eyes: [VERBOSE] {} (): ServerConnector.render will now post call to https://render-wus.applitools.com/render with params {}
2019-09-11T19:12:33Z Eyes: [VERBOSE] {} ServerConnector.render(): ServerConnector.render called with RenderRequest { {"webhook":"https://eyesapi.applitools.com/api/sessions/running/data?accessKey=hBTHfvFTfbIDIQ2u1CWaPGyY2rsdftQyHSwRMCy88Zc110","url":"http://localhost:9000/iframe.html?selectedKind=Button&selectedStory=with%20some%20emoji&eyes-storybook=true","dom":{"hashFormat":"sha256","hash":"f210555d6c87c7e0229eed275567ce841d4c404e780af99a44a7633d3eb1d513"},"resources":{},"agentId":"eyes-storybook/2.7.8","renderInfo":{"width":1024,"height":768,"sizeMode":"full-page"},"sendDom":true} }
2019-09-11T19:12:33Z Eyes: [VERBOSE] {} (): ServerConnector.render will now post call to https://render-wus.applitools.com/render with params {}
2019-09-11T19:12:33Z Eyes: [VERBOSE] {} ServerConnector.render(): ServerConnector.render called with RenderRequest { {"webhook":"https://eyesapi.applitools.com/api/sessions/running/data?accessKey=hBTHfvFTfbIDIQ2u1CWaPGyY2rsdftQyHSwRMCy88Zc110","url":"http://localhost:9000/iframe.html?selectedKind=Button&selectedStory=with%20text&eyes-storybook=true","dom":{"hashFormat":"sha256","hash":"602fc1e127f978cfd93ca2266d03f1c347afd9bed58523dc4bdff128b9d11a47"},"resources":{},"agentId":"eyes-storybook/2.7.8","renderInfo":{"width":1024,"height":768,"sizeMode":"full-page"},"sendDom":true} }
2019-09-11T19:12:33Z Eyes: [VERBOSE] {} (): ServerConnector.render will now post call to https://render-wus.applitools.com/render with params {}
2019-09-11T19:12:33Z Eyes: [VERBOSE] {} ServerConnector.render(): ServerConnector.render called with RenderRequest { {"webhook":"https://eyesapi.applitools.com/api/sessions/running/data?accessKey=hBTHfvFTfbIDIQ2u1CWaPGyY2rsdftQyHSwRMCy88Zc110","url":"http://localhost:9000/iframe.html?selectedKind=App&selectedStory=default&eyes-storybook=true","dom":{"hashFormat":"sha256","hash":"7067b8d7d5834a8742c89a0e1b2e4ddfb27cef577c9855898b0f49c4302de275"},"resources":{"http://localhost:9000/static/media/logo.5d5d9eef.svg":{"hashFormat":"sha256","hash":"ecc203fbd1d0b912e7653108ff7d6e4f98da8a17b94d9f7045d06eccfad93a85","contentType":"image/svg+xml; charset=UTF-8"}},"agentId":"eyes-storybook/2.7.8","renderInfo":{"width":1024,"height":768,"sizeMode":"full-page"},"sendDom":true} }
2019-09-11T19:12:33Z Eyes: [VERBOSE] {} (): ServerConnector.render will now post call to https://render-wus.applitools.com/render with params {}
2019-09-11T19:12:33Z Eyes: [VERBOSE] {} (): ServerConnector.render - result OK, status code 200, url https://render-wus.applitools.com/render
2019-09-11T19:12:33Z Eyes: [VERBOSE] {} ServerConnector.render(): ServerConnector.render - post succeeded RunningRender { {"renderId":"1cc00964-3248-4828-9d96-0c93cdde0f6e","jobId":"8629c5cd-acd7-4d30-b5c6-d29b24e3943f","renderStatus":"rendering"} }
2019-09-11T19:12:33Z Eyes: [VERBOSE] {} (): adding resource to cache:  http://localhost:9000/static/media/logo.5d5d9eef.svg
2019-09-11T19:12:33Z Eyes: [LOG    ] {} (): render request complete for 1cc00964-3248-4828-9d96-0c93cdde0f6e. test=App: default stepCount #1 tag=undefined target=window fully=true region=undefined selector=undefined browser: {"width":1024,"height":768}
2019-09-11T19:12:33Z Eyes: [LOG    ] {} (): [waitForRenderedStatus] waiting for 1cc00964-3248-4828-9d96-0c93cdde0f6e to be rendered
2019-09-11T19:12:33Z Eyes: [LOG    ] {} (): [getRenderStatus] adding job for 1cc00964-3248-4828-9d96-0c93cdde0f6e isRunning=false
2019-09-11T19:12:33Z Eyes: [VERBOSE] {} (): ServerConnector.render - result OK, status code 200, url https://render-wus.applitools.com/render
2019-09-11T19:12:33Z Eyes: [VERBOSE] {} ServerConnector.render(): ServerConnector.render - post succeeded RunningRender { {"renderId":"f7b43812-5d5a-4c38-9dd8-eb7567436f3f","jobId":"bec93215-9466-47b5-abb7-a9e5a25911a9","renderStatus":"rendering"} }
2019-09-11T19:12:33Z Eyes: [LOG    ] {} (): render request complete for f7b43812-5d5a-4c38-9dd8-eb7567436f3f. test=Welcome: to Storybook stepCount #1 tag=undefined target=window fully=true region=undefined selector=undefined browser: {"width":1024,"height":768}
2019-09-11T19:12:33Z Eyes: [LOG    ] {} (): [waitForRenderedStatus] waiting for f7b43812-5d5a-4c38-9dd8-eb7567436f3f to be rendered
2019-09-11T19:12:33Z Eyes: [LOG    ] {} (): [getRenderStatus] adding job for f7b43812-5d5a-4c38-9dd8-eb7567436f3f isRunning=true
2019-09-11T19:12:33Z Eyes: [VERBOSE] {} (): ServerConnector.render - result OK, status code 200, url https://render-wus.applitools.com/render
2019-09-11T19:12:33Z Eyes: [VERBOSE] {} ServerConnector.render(): ServerConnector.render - post succeeded RunningRender { {"renderId":"11b7cfc6-ebc4-4a17-bb6b-ea65f466d765","jobId":"ecbe76fc-1471-4326-8950-676fba423988","renderStatus":"rendering"} }
2019-09-11T19:12:33Z Eyes: [LOG    ] {} (): render request complete for 11b7cfc6-ebc4-4a17-bb6b-ea65f466d765. test=Button: with text stepCount #1 tag=undefined target=window fully=true region=undefined selector=undefined browser: {"width":1024,"height":768}
2019-09-11T19:12:33Z Eyes: [LOG    ] {} (): [waitForRenderedStatus] waiting for 11b7cfc6-ebc4-4a17-bb6b-ea65f466d765 to be rendered
2019-09-11T19:12:33Z Eyes: [LOG    ] {} (): [getRenderStatus] adding job for 11b7cfc6-ebc4-4a17-bb6b-ea65f466d765 isRunning=true
2019-09-11T19:12:33Z Eyes: [VERBOSE] {} (): ServerConnector.render - result OK, status code 200, url https://render-wus.applitools.com/render
2019-09-11T19:12:33Z Eyes: [VERBOSE] {} ServerConnector.render(): ServerConnector.render - post succeeded RunningRender { {"renderId":"93c72066-6a1f-44aa-b315-a4045c13ba5c","jobId":"5c068a8e-dbfb-4db8-9aa5-fcfc934ec0a1","renderStatus":"rendering"} }
2019-09-11T19:12:33Z Eyes: [LOG    ] {} (): render request complete for 93c72066-6a1f-44aa-b315-a4045c13ba5c. test=Button: with some emoji stepCount #1 tag=undefined target=window fully=true region=undefined selector=undefined browser: {"width":1024,"height":768}
2019-09-11T19:12:33Z Eyes: [LOG    ] {} (): [waitForRenderedStatus] waiting for 93c72066-6a1f-44aa-b315-a4045c13ba5c to be rendered
2019-09-11T19:12:33Z Eyes: [LOG    ] {} (): [getRenderStatus] adding job for 93c72066-6a1f-44aa-b315-a4045c13ba5c isRunning=true
2019-09-11T19:12:33Z Eyes: [LOG    ] {} (): [getRenderStatus] render status job (4): 1cc00964-3248-4828-9d96-0c93cdde0f6e,f7b43812-5d5a-4c38-9dd8-eb7567436f3f,11b7cfc6-ebc4-4a17-bb6b-ea65f466d765,93c72066-6a1f-44aa-b315-a4045c13ba5c
2019-09-11T19:12:33Z Eyes: [VERBOSE] {} ServerConnector.renderStatusById(): ServerConnector.renderStatus called for render: 1cc00964-3248-4828-9d96-0c93cdde0f6e,f7b43812-5d5a-4c38-9dd8-eb7567436f3f,11b7cfc6-ebc4-4a17-bb6b-ea65f466d765,93c72066-6a1f-44aa-b315-a4045c13ba5c
2019-09-11T19:12:33Z Eyes: [VERBOSE] {} (): ServerConnector.renderStatus will now post call to https://render-wus.applitools.com/render-status with params {}
2019-09-11T19:12:34Z Eyes: [VERBOSE] {} (): ServerConnector.renderStatus - result OK, status code 200, url https://render-wus.applitools.com/render-status
2019-09-11T19:12:34Z Eyes: [VERBOSE] {} ServerConnector.renderStatusById(): ServerConnector.renderStatus - get succeeded for 1cc00964-3248-4828-9d96-0c93cdde0f6e,f7b43812-5d5a-4c38-9dd8-eb7567436f3f,11b7cfc6-ebc4-4a17-bb6b-ea65f466d765,93c72066-6a1f-44aa-b315-a4045c13ba5c - RenderStatusResults { {"status":"rendering"} },RenderStatusResults { {"status":"rendering"} },RenderStatusResults { {"status":"rendering"} },RenderStatusResults { {"status":"rendering"} }
2019-09-11T19:12:34Z Eyes: [LOG    ] {} (): [waitForRenderedStatus] render status result for 1cc00964-3248-4828-9d96-0c93cdde0f6e: RenderStatusResults { {"status":"rendering"} }
2019-09-11T19:12:34Z Eyes: [LOG    ] {} (): [waitForRenderedStatus] render status result for f7b43812-5d5a-4c38-9dd8-eb7567436f3f: RenderStatusResults { {"status":"rendering"} }
2019-09-11T19:12:34Z Eyes: [LOG    ] {} (): [waitForRenderedStatus] render status result for 11b7cfc6-ebc4-4a17-bb6b-ea65f466d765: RenderStatusResults { {"status":"rendering"} }
2019-09-11T19:12:34Z Eyes: [LOG    ] {} (): [waitForRenderedStatus] render status result for 93c72066-6a1f-44aa-b315-a4045c13ba5c: RenderStatusResults { {"status":"rendering"} }
2019-09-11T19:12:34Z Eyes: [LOG    ] {} (): [getRenderStatus] adding job for 1cc00964-3248-4828-9d96-0c93cdde0f6e isRunning=true
2019-09-11T19:12:34Z Eyes: [LOG    ] {} (): [getRenderStatus] adding job for f7b43812-5d5a-4c38-9dd8-eb7567436f3f isRunning=true
2019-09-11T19:12:34Z Eyes: [LOG    ] {} (): [getRenderStatus] adding job for 11b7cfc6-ebc4-4a17-bb6b-ea65f466d765 isRunning=true
2019-09-11T19:12:34Z Eyes: [LOG    ] {} (): [getRenderStatus] adding job for 93c72066-6a1f-44aa-b315-a4045c13ba5c isRunning=true
2019-09-11T19:12:34Z Eyes: [LOG    ] {} (): [getRenderStatus] render status job (4): 1cc00964-3248-4828-9d96-0c93cdde0f6e,f7b43812-5d5a-4c38-9dd8-eb7567436f3f,11b7cfc6-ebc4-4a17-bb6b-ea65f466d765,93c72066-6a1f-44aa-b315-a4045c13ba5c
2019-09-11T19:12:34Z Eyes: [VERBOSE] {} ServerConnector.renderStatusById(): ServerConnector.renderStatus called for render: 1cc00964-3248-4828-9d96-0c93cdde0f6e,f7b43812-5d5a-4c38-9dd8-eb7567436f3f,11b7cfc6-ebc4-4a17-bb6b-ea65f466d765,93c72066-6a1f-44aa-b315-a4045c13ba5c
2019-09-11T19:12:34Z Eyes: [VERBOSE] {} (): ServerConnector.renderStatus will now post call to https://render-wus.applitools.com/render-status with params {}
2019-09-11T19:12:34Z Eyes: [VERBOSE] {} (): ServerConnector.renderStatus - result OK, status code 200, url https://render-wus.applitools.com/render-status
2019-09-11T19:12:34Z Eyes: [VERBOSE] {} ServerConnector.renderStatusById(): ServerConnector.renderStatus - get succeeded for 1cc00964-3248-4828-9d96-0c93cdde0f6e,f7b43812-5d5a-4c38-9dd8-eb7567436f3f,11b7cfc6-ebc4-4a17-bb6b-ea65f466d765,93c72066-6a1f-44aa-b315-a4045c13ba5c - RenderStatusResults { {"status":"rendering"} },RenderStatusResults { {"status":"rendering"} },RenderStatusResults { {"status":"rendering"} },RenderStatusResults { {"status":"rendering"} }
2019-09-11T19:12:34Z Eyes: [LOG    ] {} (): [waitForRenderedStatus] render status result for 1cc00964-3248-4828-9d96-0c93cdde0f6e: RenderStatusResults { {"status":"rendering"} }
2019-09-11T19:12:34Z Eyes: [LOG    ] {} (): [waitForRenderedStatus] render status result for f7b43812-5d5a-4c38-9dd8-eb7567436f3f: RenderStatusResults { {"status":"rendering"} }
2019-09-11T19:12:34Z Eyes: [LOG    ] {} (): [waitForRenderedStatus] render status result for 11b7cfc6-ebc4-4a17-bb6b-ea65f466d765: RenderStatusResults { {"status":"rendering"} }
2019-09-11T19:12:34Z Eyes: [LOG    ] {} (): [waitForRenderedStatus] render status result for 93c72066-6a1f-44aa-b315-a4045c13ba5c: RenderStatusResults { {"status":"rendering"} }
2019-09-11T19:12:34Z Eyes: [LOG    ] {} (): [getRenderStatus] adding job for 1cc00964-3248-4828-9d96-0c93cdde0f6e isRunning=true
2019-09-11T19:12:34Z Eyes: [LOG    ] {} (): [getRenderStatus] adding job for f7b43812-5d5a-4c38-9dd8-eb7567436f3f isRunning=true
2019-09-11T19:12:34Z Eyes: [LOG    ] {} (): [getRenderStatus] adding job for 11b7cfc6-ebc4-4a17-bb6b-ea65f466d765 isRunning=true
2019-09-11T19:12:34Z Eyes: [LOG    ] {} (): [getRenderStatus] adding job for 93c72066-6a1f-44aa-b315-a4045c13ba5c isRunning=true
2019-09-11T19:12:35Z Eyes: [LOG    ] {} (): [getRenderStatus] render status job (4): 1cc00964-3248-4828-9d96-0c93cdde0f6e,f7b43812-5d5a-4c38-9dd8-eb7567436f3f,11b7cfc6-ebc4-4a17-bb6b-ea65f466d765,93c72066-6a1f-44aa-b315-a4045c13ba5c
2019-09-11T19:12:35Z Eyes: [VERBOSE] {} ServerConnector.renderStatusById(): ServerConnector.renderStatus called for render: 1cc00964-3248-4828-9d96-0c93cdde0f6e,f7b43812-5d5a-4c38-9dd8-eb7567436f3f,11b7cfc6-ebc4-4a17-bb6b-ea65f466d765,93c72066-6a1f-44aa-b315-a4045c13ba5c
2019-09-11T19:12:35Z Eyes: [VERBOSE] {} (): ServerConnector.renderStatus will now post call to https://render-wus.applitools.com/render-status with params {}
2019-09-11T19:12:35Z Eyes: [VERBOSE] {} (): ServerConnector.renderStatus - result OK, status code 200, url https://render-wus.applitools.com/render-status
2019-09-11T19:12:35Z Eyes: [VERBOSE] {} ServerConnector.renderStatusById(): ServerConnector.renderStatus - get succeeded for 1cc00964-3248-4828-9d96-0c93cdde0f6e,f7b43812-5d5a-4c38-9dd8-eb7567436f3f,11b7cfc6-ebc4-4a17-bb6b-ea65f466d765,93c72066-6a1f-44aa-b315-a4045c13ba5c - RenderStatusResults { {"status":"rendering"} },RenderStatusResults { {"status":"rendering"} },RenderStatusResults { {"status":"rendering"} },RenderStatusResults { {"status":"rendering"} }
2019-09-11T19:12:35Z Eyes: [LOG    ] {} (): [waitForRenderedStatus] render status result for 1cc00964-3248-4828-9d96-0c93cdde0f6e: RenderStatusResults { {"status":"rendering"} }
2019-09-11T19:12:35Z Eyes: [LOG    ] {} (): [waitForRenderedStatus] render status result for f7b43812-5d5a-4c38-9dd8-eb7567436f3f: RenderStatusResults { {"status":"rendering"} }
2019-09-11T19:12:35Z Eyes: [LOG    ] {} (): [waitForRenderedStatus] render status result for 11b7cfc6-ebc4-4a17-bb6b-ea65f466d765: RenderStatusResults { {"status":"rendering"} }
2019-09-11T19:12:35Z Eyes: [LOG    ] {} (): [waitForRenderedStatus] render status result for 93c72066-6a1f-44aa-b315-a4045c13ba5c: RenderStatusResults { {"status":"rendering"} }
2019-09-11T19:12:35Z Eyes: [LOG    ] {} (): [getRenderStatus] adding job for 1cc00964-3248-4828-9d96-0c93cdde0f6e isRunning=true
2019-09-11T19:12:35Z Eyes: [LOG    ] {} (): [getRenderStatus] adding job for f7b43812-5d5a-4c38-9dd8-eb7567436f3f isRunning=true
2019-09-11T19:12:35Z Eyes: [LOG    ] {} (): [getRenderStatus] adding job for 11b7cfc6-ebc4-4a17-bb6b-ea65f466d765 isRunning=true
2019-09-11T19:12:35Z Eyes: [LOG    ] {} (): [getRenderStatus] adding job for 93c72066-6a1f-44aa-b315-a4045c13ba5c isRunning=true
2019-09-11T19:12:36Z Eyes: [LOG    ] {} (): [getRenderStatus] render status job (4): 1cc00964-3248-4828-9d96-0c93cdde0f6e,f7b43812-5d5a-4c38-9dd8-eb7567436f3f,11b7cfc6-ebc4-4a17-bb6b-ea65f466d765,93c72066-6a1f-44aa-b315-a4045c13ba5c
2019-09-11T19:12:36Z Eyes: [VERBOSE] {} ServerConnector.renderStatusById(): ServerConnector.renderStatus called for render: 1cc00964-3248-4828-9d96-0c93cdde0f6e,f7b43812-5d5a-4c38-9dd8-eb7567436f3f,11b7cfc6-ebc4-4a17-bb6b-ea65f466d765,93c72066-6a1f-44aa-b315-a4045c13ba5c
2019-09-11T19:12:36Z Eyes: [VERBOSE] {} (): ServerConnector.renderStatus will now post call to https://render-wus.applitools.com/render-status with params {}
2019-09-11T19:12:36Z Eyes: [VERBOSE] {} (): ServerConnector.renderStatus - result OK, status code 200, url https://render-wus.applitools.com/render-status
2019-09-11T19:12:36Z Eyes: [VERBOSE] {} ServerConnector.renderStatusById(): ServerConnector.renderStatus - get succeeded for 1cc00964-3248-4828-9d96-0c93cdde0f6e,f7b43812-5d5a-4c38-9dd8-eb7567436f3f,11b7cfc6-ebc4-4a17-bb6b-ea65f466d765,93c72066-6a1f-44aa-b315-a4045c13ba5c - RenderStatusResults { {"status":"rendered","imageLocation":"https://eyesapi.applitools.com/api/images/stitching/1568229155_c8f3b715-cd7d-4781-89fd-a3fea758105b?accessKey=hBTHfvFTfbIDIQ2u1CWaPGyY2rsdftQyHSwRMCy88Zc110","domLocation":"https://eyesapi.applitools.com/api/sessions/running/data/1568229155_9ec95b65-663d-4e35-9085-d5ef3892c343?accessKey=hBTHfvFTfbIDIQ2u1CWaPGyY2rsdftQyHSwRMCy88Zc110","os":"linux","userAgent":"Mozilla/5.0 (X11; Linux x86_64) AppleWebKit/537.36 (KHTML, like Gecko) HeadlessChrome/76.0.3809.100 Safari/537.36","deviceSize":{"width":1024,"height":768}} },RenderStatusResults { {"status":"rendered","imageLocation":"https://eyesapi.applitools.com/api/sessions/running/data/1568229155_0a84da5c-7914-4fe1-b63b-080c9e09bf44?accessKey=hBTHfvFTfbIDIQ2u1CWaPGyY2rsdftQyHSwRMCy88Zc110","domLocation":"https://eyesapi.applitools.com/api/sessions/running/data/1568229155_25f754e7-11cf-4f81-a751-e12deac2466b?accessKey=hBTHfvFTfbIDIQ2u1CWaPGyY2rsdftQyHSwRMCy88Zc110","os":"linux","userAgent":"Mozilla/5.0 (X11; Linux x86_64) AppleWebKit/537.36 (KHTML, like Gecko) HeadlessChrome/76.0.3809.100 Safari/537.36","deviceSize":{"width":1024,"height":768}} },RenderStatusResults { {"status":"rendered","imageLocation":"https://eyesapi.applitools.com/api/sessions/running/data/1568229155_fae5bdac-591c-4be9-a41c-a91f745a89b2?accessKey=hBTHfvFTfbIDIQ2u1CWaPGyY2rsdftQyHSwRMCy88Zc110","domLocation":"https://eyesapi.applitools.com/api/sessions/running/data/1568229155_f76819f8-7935-4768-bf85-0f47f411a24a?accessKey=hBTHfvFTfbIDIQ2u1CWaPGyY2rsdftQyHSwRMCy88Zc110","os":"linux","userAgent":"Mozilla/5.0 (X11; Linux x86_64) AppleWebKit/537.36 (KHTML, like Gecko) HeadlessChrome/76.0.3809.100 Safari/537.36","deviceSize":{"width":1024,"height":768}} },RenderStatusResults { {"status":"rendered","imageLocation":"https://eyesapi.applitools.com/api/sessions/running/data/1568229155_7d4c0553-46b8-4b72-840b-dd1c8f2ec9fd?accessKey=hBTHfvFTfbIDIQ2u1CWaPGyY2rsdftQyHSwRMCy88Zc110","domLocation":"https://eyesapi.applitools.com/api/sessions/running/data/1568229155_e7313cc5-3e57-471d-8ea8-22e407ece175?accessKey=hBTHfvFTfbIDIQ2u1CWaPGyY2rsdftQyHSwRMCy88Zc110","os":"linux","userAgent":"Mozilla/5.0 (X11; Linux x86_64) AppleWebKit/537.36 (KHTML, like Gecko) HeadlessChrome/76.0.3809.100 Safari/537.36","deviceSize":{"width":1024,"height":768}} }
2019-09-11T19:12:36Z Eyes: [LOG    ] {} (): [waitForRenderedStatus] render status result for 1cc00964-3248-4828-9d96-0c93cdde0f6e: RenderStatusResults { {"status":"rendered","imageLocation":"https://eyesapi.applitools.com/api/images/stitching/1568229155_c8f3b715-cd7d-4781-89fd-a3fea758105b?accessKey=hBTHfvFTfbIDIQ2u1CWaPGyY2rsdftQyHSwRMCy88Zc110","domLocation":"https://eyesapi.applitools.com/api/sessions/running/data/1568229155_9ec95b65-663d-4e35-9085-d5ef3892c343?accessKey=hBTHfvFTfbIDIQ2u1CWaPGyY2rsdftQyHSwRMCy88Zc110","os":"linux","userAgent":"Mozilla/5.0 (X11; Linux x86_64) AppleWebKit/537.36 (KHTML, like Gecko) HeadlessChrome/76.0.3809.100 Safari/537.36","deviceSize":{"width":1024,"height":768}} }
2019-09-11T19:12:36Z Eyes: [LOG    ] {} (): [waitForRenderedStatus] render status result for f7b43812-5d5a-4c38-9dd8-eb7567436f3f: RenderStatusResults { {"status":"rendered","imageLocation":"https://eyesapi.applitools.com/api/sessions/running/data/1568229155_0a84da5c-7914-4fe1-b63b-080c9e09bf44?accessKey=hBTHfvFTfbIDIQ2u1CWaPGyY2rsdftQyHSwRMCy88Zc110","domLocation":"https://eyesapi.applitools.com/api/sessions/running/data/1568229155_25f754e7-11cf-4f81-a751-e12deac2466b?accessKey=hBTHfvFTfbIDIQ2u1CWaPGyY2rsdftQyHSwRMCy88Zc110","os":"linux","userAgent":"Mozilla/5.0 (X11; Linux x86_64) AppleWebKit/537.36 (KHTML, like Gecko) HeadlessChrome/76.0.3809.100 Safari/537.36","deviceSize":{"width":1024,"height":768}} }
2019-09-11T19:12:36Z Eyes: [LOG    ] {} (): [waitForRenderedStatus] render status result for 11b7cfc6-ebc4-4a17-bb6b-ea65f466d765: RenderStatusResults { {"status":"rendered","imageLocation":"https://eyesapi.applitools.com/api/sessions/running/data/1568229155_fae5bdac-591c-4be9-a41c-a91f745a89b2?accessKey=hBTHfvFTfbIDIQ2u1CWaPGyY2rsdftQyHSwRMCy88Zc110","domLocation":"https://eyesapi.applitools.com/api/sessions/running/data/1568229155_f76819f8-7935-4768-bf85-0f47f411a24a?accessKey=hBTHfvFTfbIDIQ2u1CWaPGyY2rsdftQyHSwRMCy88Zc110","os":"linux","userAgent":"Mozilla/5.0 (X11; Linux x86_64) AppleWebKit/537.36 (KHTML, like Gecko) HeadlessChrome/76.0.3809.100 Safari/537.36","deviceSize":{"width":1024,"height":768}} }
2019-09-11T19:12:36Z Eyes: [LOG    ] {} (): [waitForRenderedStatus] render status result for 93c72066-6a1f-44aa-b315-a4045c13ba5c: RenderStatusResults { {"status":"rendered","imageLocation":"https://eyesapi.applitools.com/api/sessions/running/data/1568229155_7d4c0553-46b8-4b72-840b-dd1c8f2ec9fd?accessKey=hBTHfvFTfbIDIQ2u1CWaPGyY2rsdftQyHSwRMCy88Zc110","domLocation":"https://eyesapi.applitools.com/api/sessions/running/data/1568229155_e7313cc5-3e57-471d-8ea8-22e407ece175?accessKey=hBTHfvFTfbIDIQ2u1CWaPGyY2rsdftQyHSwRMCy88Zc110","os":"linux","userAgent":"Mozilla/5.0 (X11; Linux x86_64) AppleWebKit/537.36 (KHTML, like Gecko) HeadlessChrome/76.0.3809.100 Safari/537.36","deviceSize":{"width":1024,"height":768}} }
2019-09-11T19:12:36Z Eyes: [LOG    ] {} (): screenshot available for 1cc00964-3248-4828-9d96-0c93cdde0f6e at https://eyesapi.applitools.com/api/images/stitching/1568229155_c8f3b715-cd7d-4781-89fd-a3fea758105b?accessKey=hBTHfvFTfbIDIQ2u1CWaPGyY2rsdftQyHSwRMCy88Zc110
2019-09-11T19:12:36Z Eyes: [LOG    ] {} (): checkWindow waiting for prev job. test=App: default, stepCount #1
2019-09-11T19:12:36Z Eyes: [LOG    ] {} (): screenshot available for f7b43812-5d5a-4c38-9dd8-eb7567436f3f at https://eyesapi.applitools.com/api/sessions/running/data/1568229155_0a84da5c-7914-4fe1-b63b-080c9e09bf44?accessKey=hBTHfvFTfbIDIQ2u1CWaPGyY2rsdftQyHSwRMCy88Zc110
2019-09-11T19:12:36Z Eyes: [LOG    ] {} (): checkWindow waiting for prev job. test=Welcome: to Storybook, stepCount #1
2019-09-11T19:12:36Z Eyes: [LOG    ] {} (): screenshot available for 11b7cfc6-ebc4-4a17-bb6b-ea65f466d765 at https://eyesapi.applitools.com/api/sessions/running/data/1568229155_fae5bdac-591c-4be9-a41c-a91f745a89b2?accessKey=hBTHfvFTfbIDIQ2u1CWaPGyY2rsdftQyHSwRMCy88Zc110
2019-09-11T19:12:36Z Eyes: [LOG    ] {} (): checkWindow waiting for prev job. test=Button: with text, stepCount #1
2019-09-11T19:12:36Z Eyes: [LOG    ] {} (): screenshot available for 93c72066-6a1f-44aa-b315-a4045c13ba5c at https://eyesapi.applitools.com/api/sessions/running/data/1568229155_7d4c0553-46b8-4b72-840b-dd1c8f2ec9fd?accessKey=hBTHfvFTfbIDIQ2u1CWaPGyY2rsdftQyHSwRMCy88Zc110
2019-09-11T19:12:36Z Eyes: [LOG    ] {} (): checkWindow waiting for prev job. test=Button: with some emoji, stepCount #1
2019-09-11T19:12:36Z Eyes: [LOG    ] {} (): checkWindow waiting for openEyes. test=App: default, stepCount #1
2019-09-11T19:12:36Z Eyes: [LOG    ] {} (): checkWindow waiting for openEyes. test=Welcome: to Storybook, stepCount #1
2019-09-11T19:12:36Z Eyes: [LOG    ] {} (): checkWindow waiting for openEyes. test=Button: with text, stepCount #1
2019-09-11T19:12:36Z Eyes: [LOG    ] {} (): checkWindow waiting for openEyes. test=Button: with some emoji, stepCount #1
2019-09-11T19:12:36Z Eyes: [LOG    ] {} (): running wrapper.checkWindow for test App: default stepCount #1
2019-09-11T19:12:36Z Eyes: [LOG    ] {} (): running wrapper.checkWindow for test Welcome: to Storybook stepCount #1
2019-09-11T19:12:36Z Eyes: [LOG    ] {} (): running wrapper.checkWindow for test Button: with text stepCount #1
2019-09-11T19:12:36Z Eyes: [LOG    ] {} (): running wrapper.checkWindow for test Button: with some emoji stepCount #1
2019-09-11T19:12:36Z Eyes: [VERBOSE] {} Function.matchWindow(): CheckWindowBase(NullRegionProvider, '', false, 0)
2019-09-11T19:12:36Z Eyes: [VERBOSE] {} EyesWrapper._ensureRunningSession(): No running session, calling start session...
2019-09-11T19:12:36Z Eyes: [VERBOSE] {} EyesWrapper.startSession(): startSession()
2019-09-11T19:12:36Z Eyes: [VERBOSE] {} EyesWrapper.startSession(): Batch is BatchInfo { {"id":"d0d5fd22-eb4f-4eb1-a882-d3da94283fcb","name":"tutorial-storybook-react","startedAt":"2019-09-11T19:12:33.154Z"} }
2019-09-11T19:12:36Z Eyes: [VERBOSE] {} Function.matchWindow(): CheckWindowBase(NullRegionProvider, '', false, 0)
2019-09-11T19:12:36Z Eyes: [VERBOSE] {} EyesWrapper._ensureRunningSession(): No running session, calling start session...
2019-09-11T19:12:36Z Eyes: [VERBOSE] {} EyesWrapper.startSession(): startSession()
2019-09-11T19:12:36Z Eyes: [VERBOSE] {} EyesWrapper.startSession(): Batch is BatchInfo { {"id":"d0d5fd22-eb4f-4eb1-a882-d3da94283fcb","name":"tutorial-storybook-react","startedAt":"2019-09-11T19:12:33.068Z"} }
2019-09-11T19:12:36Z Eyes: [VERBOSE] {} Function.matchWindow(): CheckWindowBase(NullRegionProvider, '', false, 0)
2019-09-11T19:12:36Z Eyes: [VERBOSE] {} EyesWrapper._ensureRunningSession(): No running session, calling start session...
2019-09-11T19:12:36Z Eyes: [VERBOSE] {} EyesWrapper.startSession(): startSession()
2019-09-11T19:12:36Z Eyes: [VERBOSE] {} EyesWrapper.startSession(): Batch is BatchInfo { {"id":"d0d5fd22-eb4f-4eb1-a882-d3da94283fcb","name":"tutorial-storybook-react","startedAt":"2019-09-11T19:12:33.171Z"} }
2019-09-11T19:12:36Z Eyes: [VERBOSE] {} Function.matchWindow(): CheckWindowBase(NullRegionProvider, '', false, 0)
2019-09-11T19:12:36Z Eyes: [VERBOSE] {} EyesWrapper._ensureRunningSession(): No running session, calling start session...
2019-09-11T19:12:36Z Eyes: [VERBOSE] {} EyesWrapper.startSession(): startSession()
2019-09-11T19:12:36Z Eyes: [VERBOSE] {} EyesWrapper.startSession(): Batch is BatchInfo { {"id":"d0d5fd22-eb4f-4eb1-a882-d3da94283fcb","name":"tutorial-storybook-react","startedAt":"2019-09-11T19:12:33.149Z"} }
2019-09-11T19:12:36Z Eyes: [VERBOSE] {} EyesWrapper.startSession(): Application environment is AppEnvironment { {"displaySize":{"width":1024,"height":768},"deviceInfo":"Desktop","inferred":"useragent:Mozilla/5.0 (X11; Linux x86_64) AppleWebKit/537.36 (KHTML, like Gecko) HeadlessChrome/76.0.3809.100 Safari/537.36"} }
2019-09-11T19:12:36Z Eyes: [VERBOSE] {} EyesWrapper.startSession(): Application environment is AppEnvironment { {"displaySize":{"width":1024,"height":768},"deviceInfo":"Desktop","inferred":"useragent:Mozilla/5.0 (X11; Linux x86_64) AppleWebKit/537.36 (KHTML, like Gecko) HeadlessChrome/76.0.3809.100 Safari/537.36"} }
2019-09-11T19:12:36Z Eyes: [VERBOSE] {} EyesWrapper.startSession(): Application environment is AppEnvironment { {"displaySize":{"width":1024,"height":768},"deviceInfo":"Desktop","inferred":"useragent:Mozilla/5.0 (X11; Linux x86_64) AppleWebKit/537.36 (KHTML, like Gecko) HeadlessChrome/76.0.3809.100 Safari/537.36"} }
2019-09-11T19:12:36Z Eyes: [VERBOSE] {} EyesWrapper.startSession(): Application environment is AppEnvironment { {"displaySize":{"width":1024,"height":768},"deviceInfo":"Desktop","inferred":"useragent:Mozilla/5.0 (X11; Linux x86_64) AppleWebKit/537.36 (KHTML, like Gecko) HeadlessChrome/76.0.3809.100 Safari/537.36"} }
2019-09-11T19:12:36Z Eyes: [VERBOSE] {} EyesWrapper.startSession(): Starting server session...
2019-09-11T19:12:36Z Eyes: [VERBOSE] {} ServerConnector.startSession(): ServerConnector.startSession called with: SessionStartInfo { {"agentId":"eyes-storybook/2.7.8","sessionType":"SEQUENTIAL","appIdOrName":"tutorial-storybook-react","scenarioIdOrName":"App: default","batchInfo":{"id":"d0d5fd22-eb4f-4eb1-a882-d3da94283fcb","name":"tutorial-storybook-react","startedAt":"2019-09-11T19:12:33.154Z"},"environment":{"displaySize":{"width":1024,"height":768},"deviceInfo":"Desktop","inferred":"useragent:Mozilla/5.0 (X11; Linux x86_64) AppleWebKit/537.36 (KHTML, like Gecko) HeadlessChrome/76.0.3809.100 Safari/537.36"},"defaultMatchSettings":{"matchLevel":"Strict","ignoreCaret":true,"useDom":false,"enablePatterns":false,"ignoreDisplacements":false,"ignore":[],"layout":[],"strict":[],"content":[],"floating":[]},"compareWithParentBranch":false,"ignoreBaseline":false,"render":false,"properties":[{"name":"Component name","value":"App"},{"name":"State","value":"default"}]} }
2019-09-11T19:12:36Z Eyes: [VERBOSE] {} (): ServerConnector.startSession will now post call to https://eyesapi.applitools.com/api/sessions/running with params {"apiKey":"hBTHfvFTfbIDIQ2u1CWaPGyY2rsdftQyHSwRMCy88Zc110"}
2019-09-11T19:12:36Z Eyes: [VERBOSE] {} EyesWrapper.startSession(): Starting server session...
2019-09-11T19:12:36Z Eyes: [VERBOSE] {} ServerConnector.startSession(): ServerConnector.startSession called with: SessionStartInfo { {"agentId":"eyes-storybook/2.7.8","sessionType":"SEQUENTIAL","appIdOrName":"tutorial-storybook-react","scenarioIdOrName":"Welcome: to Storybook","batchInfo":{"id":"d0d5fd22-eb4f-4eb1-a882-d3da94283fcb","name":"tutorial-storybook-react","startedAt":"2019-09-11T19:12:33.068Z"},"environment":{"displaySize":{"width":1024,"height":768},"deviceInfo":"Desktop","inferred":"useragent:Mozilla/5.0 (X11; Linux x86_64) AppleWebKit/537.36 (KHTML, like Gecko) HeadlessChrome/76.0.3809.100 Safari/537.36"},"defaultMatchSettings":{"matchLevel":"Strict","ignoreCaret":true,"useDom":false,"enablePatterns":false,"ignoreDisplacements":false,"ignore":[],"layout":[],"strict":[],"content":[],"floating":[]},"compareWithParentBranch":false,"ignoreBaseline":false,"render":false,"properties":[{"name":"Component name","value":"Welcome"},{"name":"State","value":"to Storybook"}]} }
2019-09-11T19:12:36Z Eyes: [VERBOSE] {} (): ServerConnector.startSession will now post call to https://eyesapi.applitools.com/api/sessions/running with params {"apiKey":"hBTHfvFTfbIDIQ2u1CWaPGyY2rsdftQyHSwRMCy88Zc110"}
2019-09-11T19:12:36Z Eyes: [VERBOSE] {} EyesWrapper.startSession(): Starting server session...
2019-09-11T19:12:36Z Eyes: [VERBOSE] {} ServerConnector.startSession(): ServerConnector.startSession called with: SessionStartInfo { {"agentId":"eyes-storybook/2.7.8","sessionType":"SEQUENTIAL","appIdOrName":"tutorial-storybook-react","scenarioIdOrName":"Button: with text","batchInfo":{"id":"d0d5fd22-eb4f-4eb1-a882-d3da94283fcb","name":"tutorial-storybook-react","startedAt":"2019-09-11T19:12:33.171Z"},"environment":{"displaySize":{"width":1024,"height":768},"deviceInfo":"Desktop","inferred":"useragent:Mozilla/5.0 (X11; Linux x86_64) AppleWebKit/537.36 (KHTML, like Gecko) HeadlessChrome/76.0.3809.100 Safari/537.36"},"defaultMatchSettings":{"matchLevel":"Strict","ignoreCaret":true,"useDom":false,"enablePatterns":false,"ignoreDisplacements":false,"ignore":[],"layout":[],"strict":[],"content":[],"floating":[]},"compareWithParentBranch":false,"ignoreBaseline":false,"render":false,"properties":[{"name":"Component name","value":"Button"},{"name":"State","value":"with text"}]} }
2019-09-11T19:12:36Z Eyes: [VERBOSE] {} (): ServerConnector.startSession will now post call to https://eyesapi.applitools.com/api/sessions/running with params {"apiKey":"hBTHfvFTfbIDIQ2u1CWaPGyY2rsdftQyHSwRMCy88Zc110"}
2019-09-11T19:12:36Z Eyes: [VERBOSE] {} EyesWrapper.startSession(): Starting server session...
2019-09-11T19:12:36Z Eyes: [VERBOSE] {} ServerConnector.startSession(): ServerConnector.startSession called with: SessionStartInfo { {"agentId":"eyes-storybook/2.7.8","sessionType":"SEQUENTIAL","appIdOrName":"tutorial-storybook-react","scenarioIdOrName":"Button: with some emoji","batchInfo":{"id":"d0d5fd22-eb4f-4eb1-a882-d3da94283fcb","name":"tutorial-storybook-react","startedAt":"2019-09-11T19:12:33.149Z"},"environment":{"displaySize":{"width":1024,"height":768},"deviceInfo":"Desktop","inferred":"useragent:Mozilla/5.0 (X11; Linux x86_64) AppleWebKit/537.36 (KHTML, like Gecko) HeadlessChrome/76.0.3809.100 Safari/537.36"},"defaultMatchSettings":{"matchLevel":"Strict","ignoreCaret":true,"useDom":false,"enablePatterns":false,"ignoreDisplacements":false,"ignore":[],"layout":[],"strict":[],"content":[],"floating":[]},"compareWithParentBranch":false,"ignoreBaseline":false,"render":false,"properties":[{"name":"Component name","value":"Button"},{"name":"State","value":"with some emoji"}]} }
2019-09-11T19:12:36Z Eyes: [VERBOSE] {} (): ServerConnector.startSession will now post call to https://eyesapi.applitools.com/api/sessions/running with params {"apiKey":"hBTHfvFTfbIDIQ2u1CWaPGyY2rsdftQyHSwRMCy88Zc110"}
2019-09-11T19:12:36Z Eyes: [VERBOSE] {} (): ServerConnector.startSession - result OK, status code 200, url https://eyesapi.applitools.com/api/sessions/running
2019-09-11T19:12:36Z Eyes: [VERBOSE] {} ServerConnector.startSession(): ServerConnector.startSession - post succeeded RunningSession { {"id":"MDAwMDAyNTE4MzQwNzE2NDM1MDA~;MDAwMDAyNTE4MzQwNzE2NDMzOTA~","sessionId":"00000251834071643390","batchId":"00000251834071643500","baselineId":"29b8ee25-5334-4406-b6ff-f25b37aba40c.1ad65e97-a2e4-463a-9879-07083e6fafeb.8ZUiQK6Cp47u392SC0pYBQV_6c7ks6cZAVhFTnvJplY_.","url":"https://eyes.applitools.com/app/batches/00000251834071643500/00000251834071643390?accountId=QhEFigxDBEy98JGGuGyjDw~~","isNewSession":false} }
2019-09-11T19:12:36Z Eyes: [VERBOSE] {} EyesWrapper.startSession(): Server session ID is MDAwMDAyNTE4MzQwNzE2NDM1MDA~;MDAwMDAyNTE4MzQwNzE2NDMzOTA~
2019-09-11T19:12:36Z Eyes: [LOG    ] {} EyesWrapper.startSession(): --- Test started - 'Welcome: to Storybook' of 'tutorial-storybook-react' "AppEnvironment { {"displaySize":{"width":1024,"height":768},"deviceInfo":"Desktop","inferred":"useragent:Mozilla/5.0 (X11; Linux x86_64) AppleWebKit/537.36 (KHTML, like Gecko) HeadlessChrome/76.0.3809.100 Safari/537.36"} }
2019-09-11T19:12:36Z Eyes: [VERBOSE] {00000251834071643390} EyesWrapper._ensureRunningSession(): Done!
2019-09-11T19:12:36Z Eyes: [VERBOSE] {00000251834071643390} Function.matchWindow(): Calling match window...
2019-09-11T19:12:36Z Eyes: [VERBOSE] {00000251834071643390} MatchWindowTask.matchWindow(): retryTimeout = 0
2019-09-11T19:12:36Z Eyes: [VERBOSE] {00000251834071643390} EyesWrapper._getAppOutputWithScreenshot(): getting screenshot...
2019-09-11T19:12:36Z Eyes: [VERBOSE] {00000251834071643390} EyesWrapper._getAppOutputWithScreenshot(): Done getting screenshot!
2019-09-11T19:12:36Z Eyes: [VERBOSE] {00000251834071643390} EyesWrapper._getAppOutputWithScreenshot(): getting screenshot url...
2019-09-11T19:12:36Z Eyes: [VERBOSE] {00000251834071643390} EyesWrapper._getAppOutputWithScreenshot(): Done getting screenshotUrl!
2019-09-11T19:12:36Z Eyes: [VERBOSE] {00000251834071643390} EyesWrapper._getAppOutputWithScreenshot(): Getting title, domUrl, imageLocation...
2019-09-11T19:12:36Z Eyes: [VERBOSE] {00000251834071643390} EyesWrapper._getAppOutputWithScreenshot(): Done getting title, domUrl, imageLocation!
2019-09-11T19:12:36Z Eyes: [VERBOSE] {00000251834071643390} EyesWrapper._getAppOutputWithScreenshot(): Done!
2019-09-11T19:12:36Z Eyes: [VERBOSE] {00000251834071643390} ServerConnector.matchWindow(): ServerConnector.matchWindow called with MatchWindowData { {"userInputs":[],"appOutput":{"title":"some title","screenshotUrl":"https://eyesapi.applitools.com/api/sessions/running/data/1568229155_0a84da5c-7914-4fe1-b63b-080c9e09bf44?accessKey=hBTHfvFTfbIDIQ2u1CWaPGyY2rsdftQyHSwRMCy88Zc110","domUrl":"https://eyesapi.applitools.com/api/sessions/running/data/1568229155_25f754e7-11cf-4f81-a751-e12deac2466b?accessKey=hBTHfvFTfbIDIQ2u1CWaPGyY2rsdftQyHSwRMCy88Zc110"},"tag":"","ignoreMismatch":false,"options":{"name":"","renderId":"f7b43812-5d5a-4c38-9dd8-eb7567436f3f","userInputs":[],"ignoreMismatch":false,"ignoreMatch":false,"forceMismatch":false,"forceMatch":false,"imageMatchSettings":{"matchLevel":"Strict","ignoreCaret":false,"useDom":false,"enablePatterns":false,"ignoreDisplacements":false,"exact":null,"ignore":[],"layout":[],"strict":[],"content":[],"floating":[]}}} } for session: RunningSession { {"id":"MDAwMDAyNTE4MzQwNzE2NDM1MDA~;MDAwMDAyNTE4MzQwNzE2NDMzOTA~","sessionId":"00000251834071643390","batchId":"00000251834071643500","baselineId":"29b8ee25-5334-4406-b6ff-f25b37aba40c.1ad65e97-a2e4-463a-9879-07083e6fafeb.8ZUiQK6Cp47u392SC0pYBQV_6c7ks6cZAVhFTnvJplY_.","url":"https://eyes.applitools.com/app/batches/00000251834071643500/00000251834071643390?accountId=QhEFigxDBEy98JGGuGyjDw~~","isNewSession":false} }
2019-09-11T19:12:36Z Eyes: [VERBOSE] {00000251834071643390} (): ServerConnector.matchWindow will now post call to https://eyesapi.applitools.com/api/sessions/running/MDAwMDAyNTE4MzQwNzE2NDM1MDA~;MDAwMDAyNTE4MzQwNzE2NDMzOTA~ with params {"apiKey":"hBTHfvFTfbIDIQ2u1CWaPGyY2rsdftQyHSwRMCy88Zc110"}
2019-09-11T19:12:36Z Eyes: [VERBOSE] {} (): ServerConnector.startSession - result OK, status code 200, url https://eyesapi.applitools.com/api/sessions/running
2019-09-11T19:12:36Z Eyes: [VERBOSE] {} ServerConnector.startSession(): ServerConnector.startSession - post succeeded RunningSession { {"id":"MDAwMDAyNTE4MzQwNzE2NDM1MDA~;MDAwMDAyNTE4MzQwNzE2NDMzODY~","sessionId":"00000251834071643386","batchId":"00000251834071643500","baselineId":"29b8ee25-5334-4406-b6ff-f25b37aba40c.4329c2e7-7b29-4287-af99-1eb1c9846308.8ZUiQK6Cp47u392SC0pYBQV_6c7ks6cZAVhFTnvJplY_.","url":"https://eyes.applitools.com/app/batches/00000251834071643500/00000251834071643386?accountId=QhEFigxDBEy98JGGuGyjDw~~","isNewSession":false} }
2019-09-11T19:12:36Z Eyes: [VERBOSE] {} EyesWrapper.startSession(): Server session ID is MDAwMDAyNTE4MzQwNzE2NDM1MDA~;MDAwMDAyNTE4MzQwNzE2NDMzODY~
2019-09-11T19:12:36Z Eyes: [LOG    ] {} EyesWrapper.startSession(): --- Test started - 'Button: with some emoji' of 'tutorial-storybook-react' "AppEnvironment { {"displaySize":{"width":1024,"height":768},"deviceInfo":"Desktop","inferred":"useragent:Mozilla/5.0 (X11; Linux x86_64) AppleWebKit/537.36 (KHTML, like Gecko) HeadlessChrome/76.0.3809.100 Safari/537.36"} }
2019-09-11T19:12:36Z Eyes: [VERBOSE] {00000251834071643386} EyesWrapper._ensureRunningSession(): Done!
2019-09-11T19:12:36Z Eyes: [VERBOSE] {00000251834071643386} Function.matchWindow(): Calling match window...
2019-09-11T19:12:36Z Eyes: [VERBOSE] {00000251834071643386} MatchWindowTask.matchWindow(): retryTimeout = 0
2019-09-11T19:12:36Z Eyes: [VERBOSE] {00000251834071643386} EyesWrapper._getAppOutputWithScreenshot(): getting screenshot...
2019-09-11T19:12:36Z Eyes: [VERBOSE] {00000251834071643386} EyesWrapper._getAppOutputWithScreenshot(): Done getting screenshot!
2019-09-11T19:12:36Z Eyes: [VERBOSE] {00000251834071643386} EyesWrapper._getAppOutputWithScreenshot(): getting screenshot url...
2019-09-11T19:12:36Z Eyes: [VERBOSE] {00000251834071643386} EyesWrapper._getAppOutputWithScreenshot(): Done getting screenshotUrl!
2019-09-11T19:12:36Z Eyes: [VERBOSE] {00000251834071643386} EyesWrapper._getAppOutputWithScreenshot(): Getting title, domUrl, imageLocation...
2019-09-11T19:12:36Z Eyes: [VERBOSE] {00000251834071643386} EyesWrapper._getAppOutputWithScreenshot(): Done getting title, domUrl, imageLocation!
2019-09-11T19:12:36Z Eyes: [VERBOSE] {00000251834071643386} EyesWrapper._getAppOutputWithScreenshot(): Done!
2019-09-11T19:12:36Z Eyes: [VERBOSE] {00000251834071643386} ServerConnector.matchWindow(): ServerConnector.matchWindow called with MatchWindowData { {"userInputs":[],"appOutput":{"title":"some title","screenshotUrl":"https://eyesapi.applitools.com/api/sessions/running/data/1568229155_7d4c0553-46b8-4b72-840b-dd1c8f2ec9fd?accessKey=hBTHfvFTfbIDIQ2u1CWaPGyY2rsdftQyHSwRMCy88Zc110","domUrl":"https://eyesapi.applitools.com/api/sessions/running/data/1568229155_e7313cc5-3e57-471d-8ea8-22e407ece175?accessKey=hBTHfvFTfbIDIQ2u1CWaPGyY2rsdftQyHSwRMCy88Zc110"},"tag":"","ignoreMismatch":false,"options":{"name":"","renderId":"93c72066-6a1f-44aa-b315-a4045c13ba5c","userInputs":[],"ignoreMismatch":false,"ignoreMatch":false,"forceMismatch":false,"forceMatch":false,"imageMatchSettings":{"matchLevel":"Strict","ignoreCaret":false,"useDom":false,"enablePatterns":false,"ignoreDisplacements":false,"exact":null,"ignore":[],"layout":[],"strict":[],"content":[],"floating":[]}}} } for session: RunningSession { {"id":"MDAwMDAyNTE4MzQwNzE2NDM1MDA~;MDAwMDAyNTE4MzQwNzE2NDMzODY~","sessionId":"00000251834071643386","batchId":"00000251834071643500","baselineId":"29b8ee25-5334-4406-b6ff-f25b37aba40c.4329c2e7-7b29-4287-af99-1eb1c9846308.8ZUiQK6Cp47u392SC0pYBQV_6c7ks6cZAVhFTnvJplY_.","url":"https://eyes.applitools.com/app/batches/00000251834071643500/00000251834071643386?accountId=QhEFigxDBEy98JGGuGyjDw~~","isNewSession":false} }
2019-09-11T19:12:36Z Eyes: [VERBOSE] {00000251834071643386} (): ServerConnector.matchWindow will now post call to https://eyesapi.applitools.com/api/sessions/running/MDAwMDAyNTE4MzQwNzE2NDM1MDA~;MDAwMDAyNTE4MzQwNzE2NDMzODY~ with params {"apiKey":"hBTHfvFTfbIDIQ2u1CWaPGyY2rsdftQyHSwRMCy88Zc110"}
2019-09-11T19:12:36Z Eyes: [VERBOSE] {} (): ServerConnector.startSession - result OK, status code 200, url https://eyesapi.applitools.com/api/sessions/running
2019-09-11T19:12:36Z Eyes: [VERBOSE] {} ServerConnector.startSession(): ServerConnector.startSession - post succeeded RunningSession { {"id":"MDAwMDAyNTE4MzQwNzE2NDM1MDA~;MDAwMDAyNTE4MzQwNzE2NDMzNDI~","sessionId":"00000251834071643342","batchId":"00000251834071643500","baselineId":"29b8ee25-5334-4406-b6ff-f25b37aba40c.6f677ae8-593f-4baa-8de5-516d421516b4.8ZUiQK6Cp47u392SC0pYBQV_6c7ks6cZAVhFTnvJplY_.","url":"https://eyes.applitools.com/app/batches/00000251834071643500/00000251834071643342?accountId=QhEFigxDBEy98JGGuGyjDw~~","isNewSession":false} }
2019-09-11T19:12:36Z Eyes: [VERBOSE] {} EyesWrapper.startSession(): Server session ID is MDAwMDAyNTE4MzQwNzE2NDM1MDA~;MDAwMDAyNTE4MzQwNzE2NDMzNDI~
2019-09-11T19:12:36Z Eyes: [LOG    ] {} EyesWrapper.startSession(): --- Test started - 'App: default' of 'tutorial-storybook-react' "AppEnvironment { {"displaySize":{"width":1024,"height":768},"deviceInfo":"Desktop","inferred":"useragent:Mozilla/5.0 (X11; Linux x86_64) AppleWebKit/537.36 (KHTML, like Gecko) HeadlessChrome/76.0.3809.100 Safari/537.36"} }
2019-09-11T19:12:36Z Eyes: [VERBOSE] {00000251834071643342} EyesWrapper._ensureRunningSession(): Done!
2019-09-11T19:12:36Z Eyes: [VERBOSE] {00000251834071643342} Function.matchWindow(): Calling match window...
2019-09-11T19:12:36Z Eyes: [VERBOSE] {00000251834071643342} MatchWindowTask.matchWindow(): retryTimeout = 0
2019-09-11T19:12:36Z Eyes: [VERBOSE] {00000251834071643342} EyesWrapper._getAppOutputWithScreenshot(): getting screenshot...
2019-09-11T19:12:36Z Eyes: [VERBOSE] {00000251834071643342} EyesWrapper._getAppOutputWithScreenshot(): Done getting screenshot!
2019-09-11T19:12:36Z Eyes: [VERBOSE] {00000251834071643342} EyesWrapper._getAppOutputWithScreenshot(): getting screenshot url...
2019-09-11T19:12:36Z Eyes: [VERBOSE] {00000251834071643342} EyesWrapper._getAppOutputWithScreenshot(): Done getting screenshotUrl!
2019-09-11T19:12:36Z Eyes: [VERBOSE] {00000251834071643342} EyesWrapper._getAppOutputWithScreenshot(): Getting title, domUrl, imageLocation...
2019-09-11T19:12:36Z Eyes: [VERBOSE] {00000251834071643342} EyesWrapper._getAppOutputWithScreenshot(): Done getting title, domUrl, imageLocation!
2019-09-11T19:12:36Z Eyes: [VERBOSE] {00000251834071643342} EyesWrapper._getAppOutputWithScreenshot(): Done!
2019-09-11T19:12:36Z Eyes: [VERBOSE] {00000251834071643342} ServerConnector.matchWindow(): ServerConnector.matchWindow called with MatchWindowData { {"userInputs":[],"appOutput":{"title":"some title","screenshotUrl":"https://eyesapi.applitools.com/api/images/stitching/1568229155_c8f3b715-cd7d-4781-89fd-a3fea758105b?accessKey=hBTHfvFTfbIDIQ2u1CWaPGyY2rsdftQyHSwRMCy88Zc110","domUrl":"https://eyesapi.applitools.com/api/sessions/running/data/1568229155_9ec95b65-663d-4e35-9085-d5ef3892c343?accessKey=hBTHfvFTfbIDIQ2u1CWaPGyY2rsdftQyHSwRMCy88Zc110"},"tag":"","ignoreMismatch":false,"options":{"name":"","renderId":"1cc00964-3248-4828-9d96-0c93cdde0f6e","userInputs":[],"ignoreMismatch":false,"ignoreMatch":false,"forceMismatch":false,"forceMatch":false,"imageMatchSettings":{"matchLevel":"Strict","ignoreCaret":false,"useDom":false,"enablePatterns":false,"ignoreDisplacements":false,"exact":null,"ignore":[],"layout":[],"strict":[],"content":[],"floating":[]}}} } for session: RunningSession { {"id":"MDAwMDAyNTE4MzQwNzE2NDM1MDA~;MDAwMDAyNTE4MzQwNzE2NDMzNDI~","sessionId":"00000251834071643342","batchId":"00000251834071643500","baselineId":"29b8ee25-5334-4406-b6ff-f25b37aba40c.6f677ae8-593f-4baa-8de5-516d421516b4.8ZUiQK6Cp47u392SC0pYBQV_6c7ks6cZAVhFTnvJplY_.","url":"https://eyes.applitools.com/app/batches/00000251834071643500/00000251834071643342?accountId=QhEFigxDBEy98JGGuGyjDw~~","isNewSession":false} }
2019-09-11T19:12:36Z Eyes: [VERBOSE] {00000251834071643342} (): ServerConnector.matchWindow will now post call to https://eyesapi.applitools.com/api/sessions/running/MDAwMDAyNTE4MzQwNzE2NDM1MDA~;MDAwMDAyNTE4MzQwNzE2NDMzNDI~ with params {"apiKey":"hBTHfvFTfbIDIQ2u1CWaPGyY2rsdftQyHSwRMCy88Zc110"}
2019-09-11T19:12:36Z Eyes: [VERBOSE] {} (): ServerConnector.startSession - result OK, status code 200, url https://eyesapi.applitools.com/api/sessions/running
2019-09-11T19:12:36Z Eyes: [VERBOSE] {} ServerConnector.startSession(): ServerConnector.startSession - post succeeded RunningSession { {"id":"MDAwMDAyNTE4MzQwNzE2NDM1MDA~;MDAwMDAyNTE4MzQwNzE2NDMzMDk~","sessionId":"00000251834071643309","batchId":"00000251834071643500","baselineId":"29b8ee25-5334-4406-b6ff-f25b37aba40c.75885f81-3145-4c63-ac38-8f63226f0ec3.8ZUiQK6Cp47u392SC0pYBQV_6c7ks6cZAVhFTnvJplY_.","url":"https://eyes.applitools.com/app/batches/00000251834071643500/00000251834071643309?accountId=QhEFigxDBEy98JGGuGyjDw~~","isNewSession":false} }
2019-09-11T19:12:36Z Eyes: [VERBOSE] {} EyesWrapper.startSession(): Server session ID is MDAwMDAyNTE4MzQwNzE2NDM1MDA~;MDAwMDAyNTE4MzQwNzE2NDMzMDk~
2019-09-11T19:12:36Z Eyes: [LOG    ] {} EyesWrapper.startSession(): --- Test started - 'Button: with text' of 'tutorial-storybook-react' "AppEnvironment { {"displaySize":{"width":1024,"height":768},"deviceInfo":"Desktop","inferred":"useragent:Mozilla/5.0 (X11; Linux x86_64) AppleWebKit/537.36 (KHTML, like Gecko) HeadlessChrome/76.0.3809.100 Safari/537.36"} }
2019-09-11T19:12:36Z Eyes: [VERBOSE] {00000251834071643309} EyesWrapper._ensureRunningSession(): Done!
2019-09-11T19:12:36Z Eyes: [VERBOSE] {00000251834071643309} Function.matchWindow(): Calling match window...
2019-09-11T19:12:36Z Eyes: [VERBOSE] {00000251834071643309} MatchWindowTask.matchWindow(): retryTimeout = 0
2019-09-11T19:12:36Z Eyes: [VERBOSE] {00000251834071643309} EyesWrapper._getAppOutputWithScreenshot(): getting screenshot...
2019-09-11T19:12:36Z Eyes: [VERBOSE] {00000251834071643309} EyesWrapper._getAppOutputWithScreenshot(): Done getting screenshot!
2019-09-11T19:12:36Z Eyes: [VERBOSE] {00000251834071643309} EyesWrapper._getAppOutputWithScreenshot(): getting screenshot url...
2019-09-11T19:12:36Z Eyes: [VERBOSE] {00000251834071643309} EyesWrapper._getAppOutputWithScreenshot(): Done getting screenshotUrl!
2019-09-11T19:12:36Z Eyes: [VERBOSE] {00000251834071643309} EyesWrapper._getAppOutputWithScreenshot(): Getting title, domUrl, imageLocation...
2019-09-11T19:12:36Z Eyes: [VERBOSE] {00000251834071643309} EyesWrapper._getAppOutputWithScreenshot(): Done getting title, domUrl, imageLocation!
2019-09-11T19:12:36Z Eyes: [VERBOSE] {00000251834071643309} EyesWrapper._getAppOutputWithScreenshot(): Done!
2019-09-11T19:12:36Z Eyes: [VERBOSE] {00000251834071643309} ServerConnector.matchWindow(): ServerConnector.matchWindow called with MatchWindowData { {"userInputs":[],"appOutput":{"title":"some title","screenshotUrl":"https://eyesapi.applitools.com/api/sessions/running/data/1568229155_fae5bdac-591c-4be9-a41c-a91f745a89b2?accessKey=hBTHfvFTfbIDIQ2u1CWaPGyY2rsdftQyHSwRMCy88Zc110","domUrl":"https://eyesapi.applitools.com/api/sessions/running/data/1568229155_f76819f8-7935-4768-bf85-0f47f411a24a?accessKey=hBTHfvFTfbIDIQ2u1CWaPGyY2rsdftQyHSwRMCy88Zc110"},"tag":"","ignoreMismatch":false,"options":{"name":"","renderId":"11b7cfc6-ebc4-4a17-bb6b-ea65f466d765","userInputs":[],"ignoreMismatch":false,"ignoreMatch":false,"forceMismatch":false,"forceMatch":false,"imageMatchSettings":{"matchLevel":"Strict","ignoreCaret":false,"useDom":false,"enablePatterns":false,"ignoreDisplacements":false,"exact":null,"ignore":[],"layout":[],"strict":[],"content":[],"floating":[]}}} } for session: RunningSession { {"id":"MDAwMDAyNTE4MzQwNzE2NDM1MDA~;MDAwMDAyNTE4MzQwNzE2NDMzMDk~","sessionId":"00000251834071643309","batchId":"00000251834071643500","baselineId":"29b8ee25-5334-4406-b6ff-f25b37aba40c.75885f81-3145-4c63-ac38-8f63226f0ec3.8ZUiQK6Cp47u392SC0pYBQV_6c7ks6cZAVhFTnvJplY_.","url":"https://eyes.applitools.com/app/batches/00000251834071643500/00000251834071643309?accountId=QhEFigxDBEy98JGGuGyjDw~~","isNewSession":false} }
2019-09-11T19:12:36Z Eyes: [VERBOSE] {00000251834071643309} (): ServerConnector.matchWindow will now post call to https://eyesapi.applitools.com/api/sessions/running/MDAwMDAyNTE4MzQwNzE2NDM1MDA~;MDAwMDAyNTE4MzQwNzE2NDMzMDk~ with params {"apiKey":"hBTHfvFTfbIDIQ2u1CWaPGyY2rsdftQyHSwRMCy88Zc110"}
2019-09-11T19:12:36Z Eyes: [LOG    ] {} (): [getRenderStatus] render status job (0): 
2019-09-11T19:12:37Z Eyes: [VERBOSE] {00000251834071643309} (): ServerConnector.matchWindow - result OK, status code 200, url https://eyesapi.applitools.com/api/sessions/running/MDAwMDAyNTE4MzQwNzE2NDM1MDA~;MDAwMDAyNTE4MzQwNzE2NDMzMDk~
2019-09-11T19:12:37Z Eyes: [VERBOSE] {00000251834071643309} ServerConnector.matchWindow(): ServerConnector.matchWindow - post succeeded MatchResult { {"asExpected":false} }
2019-09-11T19:12:37Z Eyes: [VERBOSE] {00000251834071643309} MatchWindowTask._takeScreenshot(): Completed in 0s 612.620692ms
2019-09-11T19:12:37Z Eyes: [VERBOSE] {00000251834071643309} EyesWrapper.checkWindowBase(): MatchWindow Done!
2019-09-11T19:12:37Z Eyes: [LOG    ] {00000251834071643309} EyesWrapper._validateResult(): Mismatch! ()
2019-09-11T19:12:37Z Eyes: [VERBOSE] {00000251834071643309} EyesWrapper.checkWindowBase(): Done!
2019-09-11T19:12:37Z Eyes: [VERBOSE] {00000251834071643309} EyesWrapper.close(): EyesBase.close(false)
2019-09-11T19:12:37Z Eyes: [VERBOSE] {00000251834071643309} EyesWrapper.close(): Ending server session...
2019-09-11T19:12:37Z Eyes: [VERBOSE] {00000251834071643309} EyesWrapper.close(): Automatically save test? false
2019-09-11T19:12:37Z Eyes: [VERBOSE] {00000251834071643309} ServerConnector.stopSession(): ServerConnector.stopSession called with {"isAborted":false,"updateBaseline":false} for session: RunningSession { {"id":"MDAwMDAyNTE4MzQwNzE2NDM1MDA~;MDAwMDAyNTE4MzQwNzE2NDMzMDk~","sessionId":"00000251834071643309","batchId":"00000251834071643500","baselineId":"29b8ee25-5334-4406-b6ff-f25b37aba40c.75885f81-3145-4c63-ac38-8f63226f0ec3.8ZUiQK6Cp47u392SC0pYBQV_6c7ks6cZAVhFTnvJplY_.","url":"https://eyes.applitools.com/app/batches/00000251834071643500/00000251834071643309?accountId=QhEFigxDBEy98JGGuGyjDw~~","isNewSession":false} }
2019-09-11T19:12:37Z Eyes: [VERBOSE] {00000251834071643309} (): ServerConnector.stopSession will now post call to https://eyesapi.applitools.com/api/sessions/running/MDAwMDAyNTE4MzQwNzE2NDM1MDA~;MDAwMDAyNTE4MzQwNzE2NDMzMDk~ with params {"aborted":false,"updateBaseline":false,"apiKey":"hBTHfvFTfbIDIQ2u1CWaPGyY2rsdftQyHSwRMCy88Zc110"}
2019-09-11T19:12:37Z Eyes: [VERBOSE] {00000251834071643386} (): ServerConnector.matchWindow - result OK, status code 200, url https://eyesapi.applitools.com/api/sessions/running/MDAwMDAyNTE4MzQwNzE2NDM1MDA~;MDAwMDAyNTE4MzQwNzE2NDMzODY~
2019-09-11T19:12:37Z Eyes: [VERBOSE] {00000251834071643386} ServerConnector.matchWindow(): ServerConnector.matchWindow - post succeeded MatchResult { {"asExpected":true} }
2019-09-11T19:12:37Z Eyes: [VERBOSE] {00000251834071643386} MatchWindowTask._takeScreenshot(): Completed in 0s 732.720881ms
2019-09-11T19:12:37Z Eyes: [VERBOSE] {00000251834071643386} EyesWrapper.checkWindowBase(): MatchWindow Done!
2019-09-11T19:12:37Z Eyes: [VERBOSE] {00000251834071643386} EyesWrapper.checkWindowBase(): Done!
2019-09-11T19:12:37Z Eyes: [VERBOSE] {00000251834071643386} EyesWrapper.close(): EyesBase.close(false)
2019-09-11T19:12:37Z Eyes: [VERBOSE] {00000251834071643386} EyesWrapper.close(): Ending server session...
2019-09-11T19:12:37Z Eyes: [VERBOSE] {00000251834071643386} EyesWrapper.close(): Automatically save test? false
2019-09-11T19:12:37Z Eyes: [VERBOSE] {00000251834071643386} ServerConnector.stopSession(): ServerConnector.stopSession called with {"isAborted":false,"updateBaseline":false} for session: RunningSession { {"id":"MDAwMDAyNTE4MzQwNzE2NDM1MDA~;MDAwMDAyNTE4MzQwNzE2NDMzODY~","sessionId":"00000251834071643386","batchId":"00000251834071643500","baselineId":"29b8ee25-5334-4406-b6ff-f25b37aba40c.4329c2e7-7b29-4287-af99-1eb1c9846308.8ZUiQK6Cp47u392SC0pYBQV_6c7ks6cZAVhFTnvJplY_.","url":"https://eyes.applitools.com/app/batches/00000251834071643500/00000251834071643386?accountId=QhEFigxDBEy98JGGuGyjDw~~","isNewSession":false} }
2019-09-11T19:12:37Z Eyes: [VERBOSE] {00000251834071643386} (): ServerConnector.stopSession will now post call to https://eyesapi.applitools.com/api/sessions/running/MDAwMDAyNTE4MzQwNzE2NDM1MDA~;MDAwMDAyNTE4MzQwNzE2NDMzODY~ with params {"aborted":false,"updateBaseline":false,"apiKey":"hBTHfvFTfbIDIQ2u1CWaPGyY2rsdftQyHSwRMCy88Zc110"}
2019-09-11T19:12:37Z Eyes: [VERBOSE] {00000251834071643342} (): ServerConnector.matchWindow - result OK, status code 200, url https://eyesapi.applitools.com/api/sessions/running/MDAwMDAyNTE4MzQwNzE2NDM1MDA~;MDAwMDAyNTE4MzQwNzE2NDMzNDI~
2019-09-11T19:12:37Z Eyes: [VERBOSE] {00000251834071643342} ServerConnector.matchWindow(): ServerConnector.matchWindow - post succeeded MatchResult { {"asExpected":false} }
2019-09-11T19:12:37Z Eyes: [VERBOSE] {00000251834071643342} MatchWindowTask._takeScreenshot(): Completed in 0s 707.792958ms
2019-09-11T19:12:37Z Eyes: [VERBOSE] {00000251834071643342} EyesWrapper.checkWindowBase(): MatchWindow Done!
2019-09-11T19:12:37Z Eyes: [LOG    ] {00000251834071643342} EyesWrapper._validateResult(): Mismatch! ()
2019-09-11T19:12:37Z Eyes: [VERBOSE] {00000251834071643342} EyesWrapper.checkWindowBase(): Done!
2019-09-11T19:12:37Z Eyes: [VERBOSE] {00000251834071643342} EyesWrapper.close(): EyesBase.close(false)
2019-09-11T19:12:37Z Eyes: [VERBOSE] {00000251834071643342} EyesWrapper.close(): Ending server session...
2019-09-11T19:12:37Z Eyes: [VERBOSE] {00000251834071643342} EyesWrapper.close(): Automatically save test? false
2019-09-11T19:12:37Z Eyes: [VERBOSE] {00000251834071643342} ServerConnector.stopSession(): ServerConnector.stopSession called with {"isAborted":false,"updateBaseline":false} for session: RunningSession { {"id":"MDAwMDAyNTE4MzQwNzE2NDM1MDA~;MDAwMDAyNTE4MzQwNzE2NDMzNDI~","sessionId":"00000251834071643342","batchId":"00000251834071643500","baselineId":"29b8ee25-5334-4406-b6ff-f25b37aba40c.6f677ae8-593f-4baa-8de5-516d421516b4.8ZUiQK6Cp47u392SC0pYBQV_6c7ks6cZAVhFTnvJplY_.","url":"https://eyes.applitools.com/app/batches/00000251834071643500/00000251834071643342?accountId=QhEFigxDBEy98JGGuGyjDw~~","isNewSession":false} }
2019-09-11T19:12:37Z Eyes: [VERBOSE] {00000251834071643342} (): ServerConnector.stopSession will now post call to https://eyesapi.applitools.com/api/sessions/running/MDAwMDAyNTE4MzQwNzE2NDM1MDA~;MDAwMDAyNTE4MzQwNzE2NDMzNDI~ with params {"aborted":false,"updateBaseline":false,"apiKey":"hBTHfvFTfbIDIQ2u1CWaPGyY2rsdftQyHSwRMCy88Zc110"}
2019-09-11T19:12:37Z Eyes: [VERBOSE] {00000251834071643309} (): ServerConnector.stopSession - result OK, status code 200, url https://eyesapi.applitools.com/api/sessions/running/MDAwMDAyNTE4MzQwNzE2NDM1MDA~;MDAwMDAyNTE4MzQwNzE2NDMzMDk~
2019-09-11T19:12:37Z Eyes: [VERBOSE] {00000251834071643309} ServerConnector.stopSession(): ServerConnector.stopSession - post succeeded TestResults of existing test {"id":"00000251834071643309","name":"Button: with text","status":"Unresolved","appName":"tutorial-storybook-react","batchName":"tutorial-storybook-react","batchId":"00000251834071643500","branchName":"default","hostOS":"Linux","hostApp":"Chrome","hostDisplaySize":{"width":1024,"height":768},"startedAt":"2019-09-11T19:12:36.424Z","duration":1,"isNew":false,"isDifferent":true,"isAborted":false,"appUrls":{"batch":"https://eyes.applitools.com/app/test-results/00000251834071643500?accountId=QhEFigxDBEy98JGGuGyjDw~~","session":"https://eyes.applitools.com/app/test-results/00000251834071643500/00000251834071643309?accountId=QhEFigxDBEy98JGGuGyjDw~~"},"apiUrls":{"batch":"https://eyesapi.applitools.com/api/sessions/batches/00000251834071643500","session":"https://eyesapi.applitools.com/api/sessions/batches/00000251834071643500/00000251834071643309"},"stepsInfo":[{"name":"","isDifferent":true,"hasBaselineImage":true,"hasCurrentImage":true,"appUrls":{"step":"https://eyes.applitools.com/app/test-results/00000251834071643500/00000251834071643309/steps/1?accountId=QhEFigxDBEy98JGGuGyjDw~~","stepEditor":"https://eyes.applitools.com/app/test-results/00000251834071643500/00000251834071643309/steps/1/edit?accountId=QhEFigxDBEy98JGGuGyjDw~~"},"apiUrls":{"baselineImage":"https://eyesapi.applitools.com/api/images/se~1841eb5f-d388-4df3-a685-88815d0186e0","currentImage":"https://eyesapi.applitools.com/api/sessions/batches/00000251834071643500/00000251834071643309/steps/1/images/checkpoint","checkpointImage":"https://eyesapi.applitools.com/api/sessions/batches/00000251834071643500/00000251834071643309/steps/1/images/checkpoint","checkpointImageThumbnail":"https://eyesapi.applitools.com/api/sessions/batches/00000251834071643500/00000251834071643309/steps/1/images/checkpoint-thumbnail","diffImage":"https://eyesapi.applitools.com/api/sessions/batches/00000251834071643500/00000251834071643309/steps/1/images/diff"}}],"steps":1,"matches":0,"mismatches":1,"missing":0,"exactMatches":0,"strictMatches":0,"contentMatches":0,"layoutMatches":0,"noneMatches":0}
2019-09-11T19:12:37Z Eyes: [VERBOSE] {00000251834071643309} EyesWrapper.close(): Results: TestResults of existing test {"id":"00000251834071643309","name":"Button: with text","status":"Unresolved","appName":"tutorial-storybook-react","batchName":"tutorial-storybook-react","batchId":"00000251834071643500","branchName":"default","hostOS":"Linux","hostApp":"Chrome","hostDisplaySize":{"width":1024,"height":768},"startedAt":"2019-09-11T19:12:36.424Z","duration":1,"isNew":false,"isDifferent":true,"isAborted":false,"appUrls":{"batch":"https://eyes.applitools.com/app/test-results/00000251834071643500?accountId=QhEFigxDBEy98JGGuGyjDw~~","session":"https://eyes.applitools.com/app/test-results/00000251834071643500/00000251834071643309?accountId=QhEFigxDBEy98JGGuGyjDw~~"},"apiUrls":{"batch":"https://eyesapi.applitools.com/api/sessions/batches/00000251834071643500","session":"https://eyesapi.applitools.com/api/sessions/batches/00000251834071643500/00000251834071643309"},"stepsInfo":[{"name":"","isDifferent":true,"hasBaselineImage":true,"hasCurrentImage":true,"appUrls":{"step":"https://eyes.applitools.com/app/test-results/00000251834071643500/00000251834071643309/steps/1?accountId=QhEFigxDBEy98JGGuGyjDw~~","stepEditor":"https://eyes.applitools.com/app/test-results/00000251834071643500/00000251834071643309/steps/1/edit?accountId=QhEFigxDBEy98JGGuGyjDw~~"},"apiUrls":{"baselineImage":"https://eyesapi.applitools.com/api/images/se~1841eb5f-d388-4df3-a685-88815d0186e0","currentImage":"https://eyesapi.applitools.com/api/sessions/batches/00000251834071643500/00000251834071643309/steps/1/images/checkpoint","checkpointImage":"https://eyesapi.applitools.com/api/sessions/batches/00000251834071643500/00000251834071643309/steps/1/images/checkpoint","checkpointImageThumbnail":"https://eyesapi.applitools.com/api/sessions/batches/00000251834071643500/00000251834071643309/steps/1/images/checkpoint-thumbnail","diffImage":"https://eyesapi.applitools.com/api/sessions/batches/00000251834071643500/00000251834071643309/steps/1/images/diff"}}],"steps":1,"matches":0,"mismatches":1,"missing":0,"exactMatches":0,"strictMatches":0,"contentMatches":0,"layoutMatches":0,"noneMatches":0,"url":"https://eyes.applitools.com/app/batches/00000251834071643500/00000251834071643309?accountId=QhEFigxDBEy98JGGuGyjDw~~"}
2019-09-11T19:12:37Z Eyes: [LOG    ] {00000251834071643309} EyesWrapper.close(): --- Failed test ended. See details at https://eyes.applitools.com/app/batches/00000251834071643500/00000251834071643309?accountId=QhEFigxDBEy98JGGuGyjDw~~
2019-09-11T19:12:37Z Eyes: [LOG    ] {} (): finished story Button: with text in 4501
2019-09-11T19:12:37Z Eyes: [VERBOSE] {00000251834071643342} (): ServerConnector.stopSession - result OK, status code 200, url https://eyesapi.applitools.com/api/sessions/running/MDAwMDAyNTE4MzQwNzE2NDM1MDA~;MDAwMDAyNTE4MzQwNzE2NDMzNDI~
2019-09-11T19:12:37Z Eyes: [VERBOSE] {00000251834071643342} ServerConnector.stopSession(): ServerConnector.stopSession - post succeeded TestResults of existing test {"id":"00000251834071643342","name":"App: default","status":"Unresolved","appName":"tutorial-storybook-react","batchName":"tutorial-storybook-react","batchId":"00000251834071643500","branchName":"default","hostOS":"Linux","hostApp":"Chrome","hostDisplaySize":{"width":1024,"height":768},"startedAt":"2019-09-11T19:12:36.408Z","duration":1,"isNew":false,"isDifferent":true,"isAborted":false,"appUrls":{"batch":"https://eyes.applitools.com/app/test-results/00000251834071643500?accountId=QhEFigxDBEy98JGGuGyjDw~~","session":"https://eyes.applitools.com/app/test-results/00000251834071643500/00000251834071643342?accountId=QhEFigxDBEy98JGGuGyjDw~~"},"apiUrls":{"batch":"https://eyesapi.applitools.com/api/sessions/batches/00000251834071643500","session":"https://eyesapi.applitools.com/api/sessions/batches/00000251834071643500/00000251834071643342"},"stepsInfo":[{"name":"","isDifferent":true,"hasBaselineImage":true,"hasCurrentImage":true,"appUrls":{"step":"https://eyes.applitools.com/app/test-results/00000251834071643500/00000251834071643342/steps/1?accountId=QhEFigxDBEy98JGGuGyjDw~~","stepEditor":"https://eyes.applitools.com/app/test-results/00000251834071643500/00000251834071643342/steps/1/edit?accountId=QhEFigxDBEy98JGGuGyjDw~~"},"apiUrls":{"baselineImage":"https://eyesapi.applitools.com/api/images/se~53bc9ec7-4990-4eea-836e-e53d108f2798","currentImage":"https://eyesapi.applitools.com/api/sessions/batches/00000251834071643500/00000251834071643342/steps/1/images/checkpoint","checkpointImage":"https://eyesapi.applitools.com/api/sessions/batches/00000251834071643500/00000251834071643342/steps/1/images/checkpoint","checkpointImageThumbnail":"https://eyesapi.applitools.com/api/sessions/batches/00000251834071643500/00000251834071643342/steps/1/images/checkpoint-thumbnail","diffImage":"https://eyesapi.applitools.com/api/sessions/batches/00000251834071643500/00000251834071643342/steps/1/images/diff"}}],"steps":1,"matches":0,"mismatches":1,"missing":0,"exactMatches":0,"strictMatches":0,"contentMatches":0,"layoutMatches":0,"noneMatches":0}
2019-09-11T19:12:37Z Eyes: [VERBOSE] {00000251834071643342} EyesWrapper.close(): Results: TestResults of existing test {"id":"00000251834071643342","name":"App: default","status":"Unresolved","appName":"tutorial-storybook-react","batchName":"tutorial-storybook-react","batchId":"00000251834071643500","branchName":"default","hostOS":"Linux","hostApp":"Chrome","hostDisplaySize":{"width":1024,"height":768},"startedAt":"2019-09-11T19:12:36.408Z","duration":1,"isNew":false,"isDifferent":true,"isAborted":false,"appUrls":{"batch":"https://eyes.applitools.com/app/test-results/00000251834071643500?accountId=QhEFigxDBEy98JGGuGyjDw~~","session":"https://eyes.applitools.com/app/test-results/00000251834071643500/00000251834071643342?accountId=QhEFigxDBEy98JGGuGyjDw~~"},"apiUrls":{"batch":"https://eyesapi.applitools.com/api/sessions/batches/00000251834071643500","session":"https://eyesapi.applitools.com/api/sessions/batches/00000251834071643500/00000251834071643342"},"stepsInfo":[{"name":"","isDifferent":true,"hasBaselineImage":true,"hasCurrentImage":true,"appUrls":{"step":"https://eyes.applitools.com/app/test-results/00000251834071643500/00000251834071643342/steps/1?accountId=QhEFigxDBEy98JGGuGyjDw~~","stepEditor":"https://eyes.applitools.com/app/test-results/00000251834071643500/00000251834071643342/steps/1/edit?accountId=QhEFigxDBEy98JGGuGyjDw~~"},"apiUrls":{"baselineImage":"https://eyesapi.applitools.com/api/images/se~53bc9ec7-4990-4eea-836e-e53d108f2798","currentImage":"https://eyesapi.applitools.com/api/sessions/batches/00000251834071643500/00000251834071643342/steps/1/images/checkpoint","checkpointImage":"https://eyesapi.applitools.com/api/sessions/batches/00000251834071643500/00000251834071643342/steps/1/images/checkpoint","checkpointImageThumbnail":"https://eyesapi.applitools.com/api/sessions/batches/00000251834071643500/00000251834071643342/steps/1/images/checkpoint-thumbnail","diffImage":"https://eyesapi.applitools.com/api/sessions/batches/00000251834071643500/00000251834071643342/steps/1/images/diff"}}],"steps":1,"matches":0,"mismatches":1,"missing":0,"exactMatches":0,"strictMatches":0,"contentMatches":0,"layoutMatches":0,"noneMatches":0,"url":"https://eyes.applitools.com/app/batches/00000251834071643500/00000251834071643342?accountId=QhEFigxDBEy98JGGuGyjDw~~"}
2019-09-11T19:12:37Z Eyes: [LOG    ] {00000251834071643342} EyesWrapper.close(): --- Failed test ended. See details at https://eyes.applitools.com/app/batches/00000251834071643500/00000251834071643342?accountId=QhEFigxDBEy98JGGuGyjDw~~
2019-09-11T19:12:37Z Eyes: [LOG    ] {} (): finished story App: default in 4546
2019-09-11T19:12:37Z Eyes: [VERBOSE] {00000251834071643386} (): ServerConnector.stopSession - result OK, status code 200, url https://eyesapi.applitools.com/api/sessions/running/MDAwMDAyNTE4MzQwNzE2NDM1MDA~;MDAwMDAyNTE4MzQwNzE2NDMzODY~
2019-09-11T19:12:37Z Eyes: [VERBOSE] {00000251834071643386} ServerConnector.stopSession(): ServerConnector.stopSession - post succeeded TestResults of existing test {"id":"00000251834071643386","name":"Button: with some emoji","status":"Passed","appName":"tutorial-storybook-react","batchName":"tutorial-storybook-react","batchId":"00000251834071643500","branchName":"default","hostOS":"Linux","hostApp":"Chrome","hostDisplaySize":{"width":1024,"height":768},"startedAt":"2019-09-11T19:12:36.425Z","duration":1,"isNew":false,"isDifferent":false,"isAborted":false,"appUrls":{"batch":"https://eyes.applitools.com/app/test-results/00000251834071643500?accountId=QhEFigxDBEy98JGGuGyjDw~~","session":"https://eyes.applitools.com/app/test-results/00000251834071643500/00000251834071643386?accountId=QhEFigxDBEy98JGGuGyjDw~~"},"apiUrls":{"batch":"https://eyesapi.applitools.com/api/sessions/batches/00000251834071643500","session":"https://eyesapi.applitools.com/api/sessions/batches/00000251834071643500/00000251834071643386"},"stepsInfo":[{"name":"","isDifferent":false,"hasBaselineImage":true,"hasCurrentImage":true,"appUrls":{"step":"https://eyes.applitools.com/app/test-results/00000251834071643500/00000251834071643386/steps/1?accountId=QhEFigxDBEy98JGGuGyjDw~~","stepEditor":"https://eyes.applitools.com/app/test-results/00000251834071643500/00000251834071643386/steps/1/edit?accountId=QhEFigxDBEy98JGGuGyjDw~~"},"apiUrls":{"baselineImage":"https://eyesapi.applitools.com/api/images/se~850a8414-fac9-4009-b69d-38ac951bdc6c","currentImage":"https://eyesapi.applitools.com/api/sessions/batches/00000251834071643500/00000251834071643386/steps/1/images/checkpoint","checkpointImage":"https://eyesapi.applitools.com/api/sessions/batches/00000251834071643500/00000251834071643386/steps/1/images/checkpoint","checkpointImageThumbnail":"https://eyesapi.applitools.com/api/sessions/batches/00000251834071643500/00000251834071643386/steps/1/images/checkpoint-thumbnail","diffImage":"https://eyesapi.applitools.com/api/sessions/batches/00000251834071643500/00000251834071643386/steps/1/images/diff"}}],"steps":1,"matches":1,"mismatches":0,"missing":0,"exactMatches":0,"strictMatches":0,"contentMatches":0,"layoutMatches":0,"noneMatches":0}
2019-09-11T19:12:37Z Eyes: [VERBOSE] {00000251834071643386} EyesWrapper.close(): Results: TestResults of existing test {"id":"00000251834071643386","name":"Button: with some emoji","status":"Passed","appName":"tutorial-storybook-react","batchName":"tutorial-storybook-react","batchId":"00000251834071643500","branchName":"default","hostOS":"Linux","hostApp":"Chrome","hostDisplaySize":{"width":1024,"height":768},"startedAt":"2019-09-11T19:12:36.425Z","duration":1,"isNew":false,"isDifferent":false,"isAborted":false,"appUrls":{"batch":"https://eyes.applitools.com/app/test-results/00000251834071643500?accountId=QhEFigxDBEy98JGGuGyjDw~~","session":"https://eyes.applitools.com/app/test-results/00000251834071643500/00000251834071643386?accountId=QhEFigxDBEy98JGGuGyjDw~~"},"apiUrls":{"batch":"https://eyesapi.applitools.com/api/sessions/batches/00000251834071643500","session":"https://eyesapi.applitools.com/api/sessions/batches/00000251834071643500/00000251834071643386"},"stepsInfo":[{"name":"","isDifferent":false,"hasBaselineImage":true,"hasCurrentImage":true,"appUrls":{"step":"https://eyes.applitools.com/app/test-results/00000251834071643500/00000251834071643386/steps/1?accountId=QhEFigxDBEy98JGGuGyjDw~~","stepEditor":"https://eyes.applitools.com/app/test-results/00000251834071643500/00000251834071643386/steps/1/edit?accountId=QhEFigxDBEy98JGGuGyjDw~~"},"apiUrls":{"baselineImage":"https://eyesapi.applitools.com/api/images/se~850a8414-fac9-4009-b69d-38ac951bdc6c","currentImage":"https://eyesapi.applitools.com/api/sessions/batches/00000251834071643500/00000251834071643386/steps/1/images/checkpoint","checkpointImage":"https://eyesapi.applitools.com/api/sessions/batches/00000251834071643500/00000251834071643386/steps/1/images/checkpoint","checkpointImageThumbnail":"https://eyesapi.applitools.com/api/sessions/batches/00000251834071643500/00000251834071643386/steps/1/images/checkpoint-thumbnail","diffImage":"https://eyesapi.applitools.com/api/sessions/batches/00000251834071643500/00000251834071643386/steps/1/images/diff"}}],"steps":1,"matches":1,"mismatches":0,"missing":0,"exactMatches":0,"strictMatches":0,"contentMatches":0,"layoutMatches":0,"noneMatches":0,"url":"https://eyes.applitools.com/app/batches/00000251834071643500/00000251834071643386?accountId=QhEFigxDBEy98JGGuGyjDw~~"}
2019-09-11T19:12:37Z Eyes: [LOG    ] {00000251834071643386} EyesWrapper.close(): --- Test passed. See details at https://eyes.applitools.com/app/batches/00000251834071643500/00000251834071643386?accountId=QhEFigxDBEy98JGGuGyjDw~~
2019-09-11T19:12:37Z Eyes: [LOG    ] {} (): finished story Button: with some emoji in 4566
2019-09-11T19:12:37Z Eyes: [VERBOSE] {00000251834071643390} (): ServerConnector.matchWindow - result OK, status code 200, url https://eyesapi.applitools.com/api/sessions/running/MDAwMDAyNTE4MzQwNzE2NDM1MDA~;MDAwMDAyNTE4MzQwNzE2NDMzOTA~
2019-09-11T19:12:37Z Eyes: [VERBOSE] {00000251834071643390} ServerConnector.matchWindow(): ServerConnector.matchWindow - post succeeded MatchResult { {"asExpected":false} }
2019-09-11T19:12:37Z Eyes: [VERBOSE] {00000251834071643390} MatchWindowTask._takeScreenshot(): Completed in 1s 75.46520899999996ms
2019-09-11T19:12:37Z Eyes: [VERBOSE] {00000251834071643390} EyesWrapper.checkWindowBase(): MatchWindow Done!
2019-09-11T19:12:37Z Eyes: [LOG    ] {00000251834071643390} EyesWrapper._validateResult(): Mismatch! ()
2019-09-11T19:12:37Z Eyes: [VERBOSE] {00000251834071643390} EyesWrapper.checkWindowBase(): Done!
2019-09-11T19:12:37Z Eyes: [VERBOSE] {00000251834071643390} EyesWrapper.close(): EyesBase.close(false)
2019-09-11T19:12:37Z Eyes: [VERBOSE] {00000251834071643390} EyesWrapper.close(): Ending server session...
2019-09-11T19:12:37Z Eyes: [VERBOSE] {00000251834071643390} EyesWrapper.close(): Automatically save test? false
2019-09-11T19:12:37Z Eyes: [VERBOSE] {00000251834071643390} ServerConnector.stopSession(): ServerConnector.stopSession called with {"isAborted":false,"updateBaseline":false} for session: RunningSession { {"id":"MDAwMDAyNTE4MzQwNzE2NDM1MDA~;MDAwMDAyNTE4MzQwNzE2NDMzOTA~","sessionId":"00000251834071643390","batchId":"00000251834071643500","baselineId":"29b8ee25-5334-4406-b6ff-f25b37aba40c.1ad65e97-a2e4-463a-9879-07083e6fafeb.8ZUiQK6Cp47u392SC0pYBQV_6c7ks6cZAVhFTnvJplY_.","url":"https://eyes.applitools.com/app/batches/00000251834071643500/00000251834071643390?accountId=QhEFigxDBEy98JGGuGyjDw~~","isNewSession":false} }
2019-09-11T19:12:37Z Eyes: [VERBOSE] {00000251834071643390} (): ServerConnector.stopSession will now post call to https://eyesapi.applitools.com/api/sessions/running/MDAwMDAyNTE4MzQwNzE2NDM1MDA~;MDAwMDAyNTE4MzQwNzE2NDMzOTA~ with params {"aborted":false,"updateBaseline":false,"apiKey":"hBTHfvFTfbIDIQ2u1CWaPGyY2rsdftQyHSwRMCy88Zc110"}
2019-09-11T19:12:38Z Eyes: [VERBOSE] {00000251834071643390} (): ServerConnector.stopSession - result OK, status code 200, url https://eyesapi.applitools.com/api/sessions/running/MDAwMDAyNTE4MzQwNzE2NDM1MDA~;MDAwMDAyNTE4MzQwNzE2NDMzOTA~
2019-09-11T19:12:38Z Eyes: [VERBOSE] {00000251834071643390} ServerConnector.stopSession(): ServerConnector.stopSession - post succeeded TestResults of existing test {"id":"00000251834071643390","name":"Welcome: to Storybook","status":"Unresolved","appName":"tutorial-storybook-react","batchName":"tutorial-storybook-react","batchId":"00000251834071643500","branchName":"default","hostOS":"Linux","hostApp":"Chrome","hostDisplaySize":{"width":1024,"height":768},"startedAt":"2019-09-11T19:12:36.421Z","duration":1,"isNew":false,"isDifferent":true,"isAborted":false,"appUrls":{"batch":"https://eyes.applitools.com/app/test-results/00000251834071643500?accountId=QhEFigxDBEy98JGGuGyjDw~~","session":"https://eyes.applitools.com/app/test-results/00000251834071643500/00000251834071643390?accountId=QhEFigxDBEy98JGGuGyjDw~~"},"apiUrls":{"batch":"https://eyesapi.applitools.com/api/sessions/batches/00000251834071643500","session":"https://eyesapi.applitools.com/api/sessions/batches/00000251834071643500/00000251834071643390"},"stepsInfo":[{"name":"","isDifferent":true,"hasBaselineImage":true,"hasCurrentImage":true,"appUrls":{"step":"https://eyes.applitools.com/app/test-results/00000251834071643500/00000251834071643390/steps/1?accountId=QhEFigxDBEy98JGGuGyjDw~~","stepEditor":"https://eyes.applitools.com/app/test-results/00000251834071643500/00000251834071643390/steps/1/edit?accountId=QhEFigxDBEy98JGGuGyjDw~~"},"apiUrls":{"baselineImage":"https://eyesapi.applitools.com/api/images/se~d7629ed8-4326-4c22-b00e-000aa90b295e","currentImage":"https://eyesapi.applitools.com/api/sessions/batches/00000251834071643500/00000251834071643390/steps/1/images/checkpoint","checkpointImage":"https://eyesapi.applitools.com/api/sessions/batches/00000251834071643500/00000251834071643390/steps/1/images/checkpoint","checkpointImageThumbnail":"https://eyesapi.applitools.com/api/sessions/batches/00000251834071643500/00000251834071643390/steps/1/images/checkpoint-thumbnail","diffImage":"https://eyesapi.applitools.com/api/sessions/batches/00000251834071643500/00000251834071643390/steps/1/images/diff"}}],"steps":1,"matches":0,"mismatches":1,"missing":0,"exactMatches":0,"strictMatches":0,"contentMatches":0,"layoutMatches":0,"noneMatches":0}
2019-09-11T19:12:38Z Eyes: [VERBOSE] {00000251834071643390} EyesWrapper.close(): Results: TestResults of existing test {"id":"00000251834071643390","name":"Welcome: to Storybook","status":"Unresolved","appName":"tutorial-storybook-react","batchName":"tutorial-storybook-react","batchId":"00000251834071643500","branchName":"default","hostOS":"Linux","hostApp":"Chrome","hostDisplaySize":{"width":1024,"height":768},"startedAt":"2019-09-11T19:12:36.421Z","duration":1,"isNew":false,"isDifferent":true,"isAborted":false,"appUrls":{"batch":"https://eyes.applitools.com/app/test-results/00000251834071643500?accountId=QhEFigxDBEy98JGGuGyjDw~~","session":"https://eyes.applitools.com/app/test-results/00000251834071643500/00000251834071643390?accountId=QhEFigxDBEy98JGGuGyjDw~~"},"apiUrls":{"batch":"https://eyesapi.applitools.com/api/sessions/batches/00000251834071643500","session":"https://eyesapi.applitools.com/api/sessions/batches/00000251834071643500/00000251834071643390"},"stepsInfo":[{"name":"","isDifferent":true,"hasBaselineImage":true,"hasCurrentImage":true,"appUrls":{"step":"https://eyes.applitools.com/app/test-results/00000251834071643500/00000251834071643390/steps/1?accountId=QhEFigxDBEy98JGGuGyjDw~~","stepEditor":"https://eyes.applitools.com/app/test-results/00000251834071643500/00000251834071643390/steps/1/edit?accountId=QhEFigxDBEy98JGGuGyjDw~~"},"apiUrls":{"baselineImage":"https://eyesapi.applitools.com/api/images/se~d7629ed8-4326-4c22-b00e-000aa90b295e","currentImage":"https://eyesapi.applitools.com/api/sessions/batches/00000251834071643500/00000251834071643390/steps/1/images/checkpoint","checkpointImage":"https://eyesapi.applitools.com/api/sessions/batches/00000251834071643500/00000251834071643390/steps/1/images/checkpoint","checkpointImageThumbnail":"https://eyesapi.applitools.com/api/sessions/batches/00000251834071643500/00000251834071643390/steps/1/images/checkpoint-thumbnail","diffImage":"https://eyesapi.applitools.com/api/sessions/batches/00000251834071643500/00000251834071643390/steps/1/images/diff"}}],"steps":1,"matches":0,"mismatches":1,"missing":0,"exactMatches":0,"strictMatches":0,"contentMatches":0,"layoutMatches":0,"noneMatches":0,"url":"https://eyes.applitools.com/app/batches/00000251834071643500/00000251834071643390?accountId=QhEFigxDBEy98JGGuGyjDw~~"}
2019-09-11T19:12:38Z Eyes: [LOG    ] {00000251834071643390} EyesWrapper.close(): --- Failed test ended. See details at https://eyes.applitools.com/app/batches/00000251834071643500/00000251834071643390?accountId=QhEFigxDBEy98JGGuGyjDw~~
2019-09-11T19:12:38Z Eyes: [LOG    ] {} (): finished story Welcome: to Storybook in 5058
2019-09-11T19:12:38Z Eyes: [LOG    ] {} (): total time:  5265

[EYES: TEST RESULTS]:
Welcome: to Storybook [1024x768] - Failed 1 of 1
Button: with some emoji [1024x768] - Passed
App: default [1024x768] - Failed 1 of 1
Button: with text [1024x768] - Failed 1 of 1

A total of 3 differences were found.

See details at https://eyes.applitools.com/app/test-results/00000251834071643500?accountId=QhEFigxDBEy98JGGuGyjDw~~
Total time: 16 seconds


Important notice: the Applitools visual tests are currently running with a concurrency value of 10.
This means that only up to 10 visual tests can run in parallel, and therefore the execution might be slow. This is the default behavior for free accounts.
If your account does support a higher level of concurrency, it's possible to pass a different value by specifying `concurrency:X` in the applitools.config.js file.
For more information on how to configure the concurrency level, visit the following link: https://www.npmjs.com/package/@applitools/eyes-storybook#concurrency.
If you are interested in speeding up your visual tests, contact sdr@applitools.com to get a trial account and a higher level of concurrency.

